#
# A fatal error has been detected by the Java Runtime Environment:
#
#  EXCEPTION_ACCESS_VIOLATION (0xc0000005) at pc=0x00007fff2f47420d, pid=788, tid=7436
#
# JRE version: OpenJDK Runtime Environment (11.0.10) (build 11.0.10+0-b96-7249189)
# Java VM: OpenJDK 64-Bit Server VM (11.0.10+0-b96-7249189, mixed mode, tiered, compressed oops, g1 gc, windows-amd64)
# Problematic frame:
# V  [jvm.dll+0x2d420d]
#
# No core dump will be written. Minidumps are not enabled by default on client versions of Windows
#
# If you would like to submit a bug report, please visit:
#   https://bugreport.java.com/bugreport/crash.jsp
#

---------------  S U M M A R Y ------------

Command Line: --add-opens=java.base/java.util=ALL-UNNAMED --add-opens=java.base/java.lang=ALL-UNNAMED --add-opens=java.base/java.lang.invoke=ALL-UNNAMED --add-opens=java.base/java.util=ALL-UNNAMED --add-opens=java.prefs/java.util.prefs=ALL-UNNAMED --add-opens=java.prefs/java.util.prefs=ALL-UNNAMED --add-opens=java.base/java.nio.charset=ALL-UNNAMED --add-opens=java.base/java.net=ALL-UNNAMED --add-opens=java.base/java.util.concurrent.atomic=ALL-UNNAMED -Xmx2048m -Dfile.encoding=UTF-8 -Duser.country=US -Duser.language=en -Duser.variant org.gradle.launcher.daemon.bootstrap.GradleDaemon 7.0.2

Host: Intel(R) Core(TM) i5-2410M CPU @ 2.30GHz, 4 cores, 7G,  Windows 10 , 64 bit Build 17763 (10.0.17763.1)
Time: Sun Dec  5 21:06:02 2021 SE Asia Standard Time elapsed time: 72.987906 seconds (0d 0h 1m 12s)

---------------  T H R E A D  ---------------

Current thread (0x00000211c98d4000):  GCTaskThread "GC Thread#3" [stack: 0x00000011e1f00000,0x00000011e2000000] [id=7436]

Stack: [0x00000011e1f00000,0x00000011e2000000],  sp=0x00000011e1fff4a0,  free space=1021k
Native frames: (J=compiled Java code, j=interpreted, Vv=VM code, C=native code)
V  [jvm.dll+0x2d420d]
V  [jvm.dll+0x2d3bcb]
V  [jvm.dll+0x2d19f8]
V  [jvm.dll+0x2dcd3d]
V  [jvm.dll+0x2dd44b]
V  [jvm.dll+0x748da0]
V  [jvm.dll+0x6e3d45]
V  [jvm.dll+0x5ebe96]
C  [ucrtbase.dll+0x203ba]
C  [KERNEL32.DLL+0x17e94]
C  [ntdll.dll+0x67ad1]


siginfo: EXCEPTION_ACCESS_VIOLATION (0xc0000005), reading address 0x00000000000000f8


Register to memory mapping:

RIP=0x00007fff2f47420d jvm.dll
RAX=0x00000211ab18d100 points into unknown readable memory: 0x0000000000000000 | 00 00 00 00 00 00 00 00
RBX=0x00000211d0f52a70 points into unknown readable memory: 0x00007fff2f9c30f8 | f8 30 9c 2f ff 7f 00 00
RCX=0x0 is NULL
RDX=0x00000211c9e81fd0 points into unknown readable memory: 0x00007fff2f9caae0 | e0 aa 9c 2f ff 7f 00 00
RSP=0x00000011e1fff4a0 points into unknown readable memory: 0x0000229600001833 | 33 18 00 00 96 22 00 00
RBP=0x000000000000000c is an unknown value
RSI=0x000000008b3a4f08 is pointing into object: [Ljava.util.concurrent.ConcurrentHashMap$Node; 
{0x000000008b399f30} - klass: 'java/util/concurrent/ConcurrentHashMap$Node'[]
 - length: 16384
RDI=0x00000211d0f52be0 points into unknown readable memory: 0x00007fff2f9c30b0 | b0 30 9c 2f ff 7f 00 00
R8 =0x000000008b3a4e4c is pointing into object: [Ljava.util.concurrent.ConcurrentHashMap$Node; 
{0x000000008b399f30} - klass: 'java/util/concurrent/ConcurrentHashMap$Node'[]
 - length: 16384
R9 =0x0000000000000ad0 is an unknown value
R10=0x000000008b3a4e4c is pointing into object: [Ljava.util.concurrent.ConcurrentHashMap$Node; 
{0x000000008b399f30} - klass: 'java/util/concurrent/ConcurrentHashMap$Node'[]
 - length: 16384
R11=0x00000211d0f52be0 points into unknown readable memory: 0x00007fff2f9c30b0 | b0 30 9c 2f ff 7f 00 00
R12=0x00000211ab1704f0 points into unknown readable memory: 0x00007fff2f9bd3e8 | e8 d3 9b 2f ff 7f 00 00
R13=0x0 is NULL
R14=0x00000211d0f52a70 points into unknown readable memory: 0x00007fff2f9c30f8 | f8 30 9c 2f ff 7f 00 00
R15=0x00000211c916e8c0 points into unknown readable memory: 0x0000000000000002 | 02 00 00 00 00 00 00 00


Registers:
RAX=0x00000211ab18d100, RBX=0x00000211d0f52a70, RCX=0x0000000000000000, RDX=0x00000211c9e81fd0
RSP=0x00000011e1fff4a0, RBP=0x000000000000000c, RSI=0x000000008b3a4f08, RDI=0x00000211d0f52be0
R8 =0x000000008b3a4e4c, R9 =0x0000000000000ad0, R10=0x000000008b3a4e4c, R11=0x00000211d0f52be0
R12=0x00000211ab1704f0, R13=0x0000000000000000, R14=0x00000211d0f52a70, R15=0x00000211c916e8c0
RIP=0x00007fff2f47420d, EFLAGS=0x0000000000010203

Top of Stack: (sp=0x00000011e1fff4a0)
0x00000011e1fff4a0:   0000229600001833 000000008b3a4e49
0x00000011e1fff4b0:   00000211ab17e770 0000229600001833
0x00000011e1fff4c0:   000000008b3a4e4c 00007fff2f473bcb
0x00000011e1fff4d0:   000000008b3a4e48 0000210100001e62
0x00000011e1fff4e0:   00000211d0f52a70 00000211ab1704f0
0x00000011e1fff4f0:   00000211ab1704f0 00007fff2f4719f8
0x00000011e1fff500:   00000211d0f52a70 00000011e06fee50
0x00000011e1fff510:   0000000000000002 00000211d0f52a70
0x00000011e1fff520:   0000021100002bf2 00000211d0f52a70
0x00000011e1fff530:   0000000000000002 00007fff2f47cd3d
0x00000011e1fff540:   00000211ab1704f0 00000211d0f52a70
0x00000011e1fff550:   00000011e06fee50 00000211ab1704f0
0x00000011e1fff560:   0000000000000000 00007fff2f47d44b
0x00000011e1fff570:   000000008c0000c2 00000211c6ca1a50
0x00000011e1fff580:   0000000000000002 00000211d0f52a70
0x00000011e1fff590:   00000211c98d4000 00000011e06fef10 

Instructions: (pc=0x00007fff2f47420d)
0x00007fff2f47410d:   74 24 38 48 83 c4 20 5f c3 cc cc cc cc cc cc cc
0x00007fff2f47411d:   cc cc cc 48 89 5c 24 08 57 48 83 ec 20 48 8b 41
0x00007fff2f47412d:   18 48 8b da 48 83 cb 01 48 8b d3 48 8b 78 10 48
0x00007fff2f47413d:   8b cf e8 6c 7b 00 00 84 c0 75 29 48 81 c7 90 00
0x00007fff2f47414d:   00 00 48 8b 47 08 48 39 47 20 75 08 48 8b cf e8
0x00007fff2f47415d:   7f 47 0b 00 48 8b 4f 20 48 8b 47 38 48 89 1c c8
0x00007fff2f47416d:   48 ff 47 20 48 8b 5c 24 30 48 83 c4 20 5f c3 cc
0x00007fff2f47417d:   cc cc cc 48 89 5c 24 08 57 48 83 ec 20 48 8b 79
0x00007fff2f47418d:   10 48 8b da 48 83 cb 01 48 8b cf 48 8b d3 e8 10
0x00007fff2f47419d:   7b 00 00 84 c0 75 29 48 81 c7 90 00 00 00 48 8b
0x00007fff2f4741ad:   47 08 48 39 47 20 75 08 48 8b cf e8 23 47 0b 00
0x00007fff2f4741bd:   48 8b 4f 20 48 8b 47 38 48 89 1c c8 48 ff 47 20
0x00007fff2f4741cd:   48 8b 5c 24 30 48 83 c4 20 5f c3 cc cc cc cc cc
0x00007fff2f4741dd:   cc cc cc 40 53 48 83 ec 20 8b 82 04 01 00 00 48
0x00007fff2f4741ed:   8b d9 d1 e8 a8 01 75 6b 48 8b 41 08 8b 88 c0 02
0x00007fff2f4741fd:   00 00 48 8b 80 b0 02 00 00 49 d3 e9 4a 8b 0c c8
0x00007fff2f47420d:   48 8b 81 f8 00 00 00 83 b8 18 01 00 00 00 74 43
0x00007fff2f47421d:   48 8b 4b 50 48 89 7c 24 30 49 c1 e8 09 48 8b 79
0x00007fff2f47422d:   48 48 2b 79 40 49 03 f8 48 8b d7 e8 93 c1 ff ff
0x00007fff2f47423d:   84 c0 74 1a 80 7b 28 00 48 8d 4b 18 74 10 48 8b
0x00007fff2f47424d:   43 50 48 8b 50 40 48 03 d7 e8 35 25 36 00 48 8b
0x00007fff2f47425d:   7c 24 30 48 83 c4 20 5b c3 cc cc cc cc cc cc cc
0x00007fff2f47426d:   cc cc cc 48 89 5c 24 08 48 89 74 24 10 57 48 83
0x00007fff2f47427d:   ec 20 48 63 fa 48 8d 05 5f 91 54 00 45 33 c0 48
0x00007fff2f47428d:   89 01 48 8b f1 89 79 08 48 8b df 48 8d 0c fd 00
0x00007fff2f47429d:   00 00 00 41 8d 50 05 e8 37 f6 dd ff 45 33 db 48
0x00007fff2f4742ad:   89 46 10 4c 8d 4e 10 4c 8b d0 45 8b c3 85 ff 7e
0x00007fff2f4742bd:   56 83 ff 02 72 51 8d 4f ff 48 63 d1 48 8d 04 d0
0x00007fff2f4742cd:   4d 3b d1 77 05 49 3b c1 73 3d 8b c7 25 01 00 00
0x00007fff2f4742dd:   80 7d 07 ff c8 83 c8 fe ff c0 2b f8 0f 1f 80 00
0x00007fff2f4742ed:   00 00 00 41 83 c0 02 44 3b c7 7c f7 8d 47 01 49
0x00007fff2f4742fd:   8b fa 99 2b c2 d1 f8 48 63 c8 48 c1 e1 04 48 c1 


Stack slot to memory mapping:
stack at sp + 0 slots: 0x0000229600001833 is an unknown value
stack at sp + 1 slots: 0x000000008b3a4e49 is pointing into object: [Ljava.util.concurrent.ConcurrentHashMap$Node; 
{0x000000008b399f30} - klass: 'java/util/concurrent/ConcurrentHashMap$Node'[]
 - length: 16384
stack at sp + 2 slots: 0x00000211ab17e770 points into unknown readable memory: 0x0000000000001835 | 35 18 00 00 00 00 00 00
stack at sp + 3 slots: 0x0000229600001833 is an unknown value
stack at sp + 4 slots: 0x000000008b3a4e4c is pointing into object: [Ljava.util.concurrent.ConcurrentHashMap$Node; 
{0x000000008b399f30} - klass: 'java/util/concurrent/ConcurrentHashMap$Node'[]
 - length: 16384
stack at sp + 5 slots: 0x00007fff2f473bcb jvm.dll
stack at sp + 6 slots: 0x000000008b3a4e48 is pointing into object: [Ljava.util.concurrent.ConcurrentHashMap$Node; 
{0x000000008b399f30} - klass: 'java/util/concurrent/ConcurrentHashMap$Node'[]
 - length: 16384
stack at sp + 7 slots: 0x0000210100001e62 is an unknown value


---------------  P R O C E S S  ---------------

Threads class SMR info:
_java_thread_list=0x00000211cd480490, length=63, elements={
0x00000211ab164000, 0x00000211c6ca9800, 0x00000211c6cb5800, 0x00000211c7624000,
0x00000211c7628000, 0x00000211c762a800, 0x00000211c762d800, 0x00000211c6cdb000,
0x00000211c767e800, 0x00000211c777d800, 0x00000211c99bd000, 0x00000211c8bf4000,
0x00000211c9d8f800, 0x00000211c8603000, 0x00000211c83f8000, 0x00000211c89a7000,
0x00000211c89b9000, 0x00000211c89b9800, 0x00000211ca10c000, 0x00000211ca10d000,
0x00000211ca10b800, 0x00000211ca10f800, 0x00000211ca10e800, 0x00000211ca110800,
0x00000211ca10e000, 0x00000211ca10a800, 0x00000211ca111000, 0x00000211ccbe6800,
0x00000211ccbeb800, 0x00000211ccbeb000, 0x00000211ccbec800, 0x00000211ccbe8800,
0x00000211ccbee000, 0x00000211ccbef000, 0x00000211ccbe9000, 0x00000211ccbef800,
0x00000211ccbea000, 0x00000211ccbf4800, 0x00000211ccbf0800, 0x00000211ccbf1800,
0x00000211ccbf3000, 0x00000211ccbf5800, 0x00000211ccbf2000, 0x00000211d09d2800,
0x00000211d09d1800, 0x00000211d09d0000, 0x00000211d09ce800, 0x00000211d09cf000,
0x00000211d09d0800, 0x00000211d09cc800, 0x00000211d09d3000, 0x00000211d09cd800,
0x00000211d09d5000, 0x00000211d09d9800, 0x00000211d09d6800, 0x00000211d09d5800,
0x00000211d09d7000, 0x00000211d09d9000, 0x00000211ccf89800, 0x00000211d09d4000,
0x00000211d09db800, 0x00000211d09da800, 0x00000211c9ec2000
}

Java Threads: ( => current thread )
  0x00000211ab164000 JavaThread "main" [_thread_blocked, id=2212, stack(0x00000011e0000000,0x00000011e0100000)]
  0x00000211c6ca9800 JavaThread "Reference Handler" daemon [_thread_blocked, id=4376, stack(0x00000011e0700000,0x00000011e0800000)]
  0x00000211c6cb5800 JavaThread "Finalizer" daemon [_thread_blocked, id=9908, stack(0x00000011e0800000,0x00000011e0900000)]
  0x00000211c7624000 JavaThread "Signal Dispatcher" daemon [_thread_blocked, id=3080, stack(0x00000011e0900000,0x00000011e0a00000)]
  0x00000211c7628000 JavaThread "Attach Listener" daemon [_thread_blocked, id=10180, stack(0x00000011e0a00000,0x00000011e0b00000)]
  0x00000211c762a800 JavaThread "Service Thread" daemon [_thread_blocked, id=9620, stack(0x00000011e0b00000,0x00000011e0c00000)]
  0x00000211c762d800 JavaThread "C2 CompilerThread0" daemon [_thread_in_native, id=7884, stack(0x00000011e0c00000,0x00000011e0d00000)]
  0x00000211c6cdb000 JavaThread "C1 CompilerThread0" daemon [_thread_blocked, id=7996, stack(0x00000011e0d00000,0x00000011e0e00000)]
  0x00000211c767e800 JavaThread "Sweeper thread" daemon [_thread_blocked, id=2368, stack(0x00000011e0e00000,0x00000011e0f00000)]
  0x00000211c777d800 JavaThread "Common-Cleaner" daemon [_thread_blocked, id=9980, stack(0x00000011e0f00000,0x00000011e1000000)]
  0x00000211c99bd000 JavaThread "Daemon health stats" [_thread_blocked, id=3880, stack(0x00000011e1400000,0x00000011e1500000)]
  0x00000211c8bf4000 JavaThread "Incoming local TCP Connector on port 52116" [_thread_in_native, id=9372, stack(0x00000011e1300000,0x00000011e1400000)]
  0x00000211c9d8f800 JavaThread "Daemon periodic checks" [_thread_blocked, id=10068, stack(0x00000011e1500000,0x00000011e1600000)]
  0x00000211c8603000 JavaThread "Daemon" [_thread_blocked, id=32, stack(0x00000011e1600000,0x00000011e1700000)]
  0x00000211c83f8000 JavaThread "Handler for socket connection from /127.0.0.1:52116 to /127.0.0.1:52117" [_thread_in_native, id=10176, stack(0x00000011e1700000,0x00000011e1800000)]
  0x00000211c89a7000 JavaThread "Cancel handler" [_thread_blocked, id=6420, stack(0x00000011e1800000,0x00000011e1900000)]
  0x00000211c89b9000 JavaThread "Daemon worker" [_thread_blocked, id=7496, stack(0x00000011e1900000,0x00000011e1a00000)]
  0x00000211c89b9800 JavaThread "Asynchronous log dispatcher for DefaultDaemonConnection: socket connection from /127.0.0.1:52116 to /127.0.0.1:52117" [_thread_blocked, id=2976, stack(0x00000011e1a00000,0x00000011e1b00000)]
  0x00000211ca10c000 JavaThread "Daemon client event forwarder" [_thread_blocked, id=1340, stack(0x00000011e1c00000,0x00000011e1d00000)]
  0x00000211ca10d000 JavaThread "Cache worker for file hash cache (C:\Users\Admin\.gradle\caches\7.0.2\fileHashes)" [_thread_blocked, id=9940, stack(0x00000011e1d00000,0x00000011e1e00000)]
  0x00000211ca10b800 JavaThread "File lock request listener" [_thread_in_native, id=9968, stack(0x00000011e1e00000,0x00000011e1f00000)]
  0x00000211ca10f800 JavaThread "Cache worker for journal cache (C:\Users\Admin\.gradle\caches\journal-1)" [_thread_blocked, id=536, stack(0x00000011e2000000,0x00000011e2100000)]
  0x00000211ca10e800 JavaThread "Cache worker for file hash cache (C:\Users\Admin\Desktop\MyApplication7\.gradle\7.0.2\fileHashes)" [_thread_blocked, id=9596, stack(0x00000011e2100000,0x00000011e2200000)]
  0x00000211ca110800 JavaThread "File watcher server" daemon [_thread_blocked, id=4320, stack(0x00000011e2300000,0x00000011e2400000)]
  0x00000211ca10e000 JavaThread "File watcher consumer" daemon [_thread_blocked, id=368, stack(0x00000011e2400000,0x00000011e2500000)]
  0x00000211ca10a800 JavaThread "Cache worker for checksums cache (C:\Users\Admin\Desktop\MyApplication7\.gradle\checksums)" [_thread_blocked, id=3360, stack(0x00000011e2500000,0x00000011e2600000)]
  0x00000211ca111000 JavaThread "Cache worker for cache directory md-supplier (C:\Users\Admin\.gradle\caches\7.0.2\md-supplier)" [_thread_blocked, id=9744, stack(0x00000011e2600000,0x00000011e2700000)]
  0x00000211ccbe6800 JavaThread "Cache worker for cache directory md-rule (C:\Users\Admin\.gradle\caches\7.0.2\md-rule)" [_thread_blocked, id=3968, stack(0x00000011e2200000,0x00000011e2300000)]
  0x00000211ccbeb800 JavaThread "Cache worker for execution history cache (C:\Users\Admin\.gradle\caches\7.0.2\executionHistory)" [_thread_blocked, id=260, stack(0x00000011e2700000,0x00000011e2800000)]
  0x00000211ccbeb000 JavaThread "jar transforms" [_thread_blocked, id=8328, stack(0x00000011e2900000,0x00000011e2a00000)]
  0x00000211ccbec800 JavaThread "jar transforms Thread 2" [_thread_blocked, id=10156, stack(0x00000011e2a00000,0x00000011e2b00000)]
  0x00000211ccbe8800 JavaThread "Cache worker for file content cache (C:\Users\Admin\.gradle\caches\7.0.2\fileContent)" [_thread_blocked, id=6488, stack(0x00000011e2b00000,0x00000011e2c00000)]
  0x00000211ccbee000 JavaThread "Cache worker for dependencies-accessors (C:\Users\Admin\Desktop\MyApplication7\.gradle\7.0.2\dependencies-accessors)" [_thread_blocked, id=1036, stack(0x00000011e2c00000,0x00000011e2d00000)]
  0x00000211ccbef000 JavaThread "jar transforms Thread 3" [_thread_blocked, id=8116, stack(0x00000011e2800000,0x00000011e2900000)]
  0x00000211ccbe9000 JavaThread "Cache worker for Build Output Cleanup Cache (C:\Users\Admin\Desktop\MyApplication7\.gradle\buildOutputCleanup)" [_thread_blocked, id=6244, stack(0x00000011e2e00000,0x00000011e2f00000)]
  0x00000211ccbef800 JavaThread "Build operations" [_thread_blocked, id=4264, stack(0x00000011e2f00000,0x00000011e3000000)]
  0x00000211ccbea000 JavaThread "Build operations Thread 2" [_thread_blocked, id=1244, stack(0x00000011e3000000,0x00000011e3100000)]
  0x00000211ccbf4800 JavaThread "Build operations Thread 3" [_thread_blocked, id=7276, stack(0x00000011e3100000,0x00000011e3200000)]
  0x00000211ccbf0800 JavaThread "Build operations Thread 4" [_thread_blocked, id=9296, stack(0x00000011e3200000,0x00000011e3300000)]
  0x00000211ccbf1800 JavaThread "jar transforms Thread 4" [_thread_blocked, id=7724, stack(0x00000011e3300000,0x00000011e3400000)]
  0x00000211ccbf3000 JavaThread "Memory manager" [_thread_blocked, id=5236, stack(0x00000011e3400000,0x00000011e3500000)]
  0x00000211ccbf5800 JavaThread "build event listener" [_thread_blocked, id=6884, stack(0x00000011dff00000,0x00000011e0000000)]
  0x00000211ccbf2000 JavaThread "Execution worker for ':'" [_thread_blocked, id=10016, stack(0x00000011e3500000,0x00000011e3600000)]
  0x00000211d09d2800 JavaThread "Execution worker for ':' Thread 2" [_thread_blocked, id=7868, stack(0x00000011e3600000,0x00000011e3700000)]
  0x00000211d09d1800 JavaThread "Execution worker for ':' Thread 3" [_thread_blocked, id=8592, stack(0x00000011e3700000,0x00000011e3800000)]
  0x00000211d09d0000 JavaThread "Cache worker for execution history cache (C:\Users\Admin\Desktop\MyApplication7\.gradle\7.0.2\executionHistory)" [_thread_blocked, id=8460, stack(0x00000011e3800000,0x00000011e3900000)]
  0x00000211d09ce800 JavaThread "WorkerExecutor Queue" [_thread_blocked, id=9516, stack(0x00000011e3b00000,0x00000011e3c00000)]
  0x00000211d09cf000 JavaThread "pool-3-thread-1" [_thread_blocked, id=452, stack(0x00000011e3c00000,0x00000011e3d00000)]
  0x00000211d09d0800 JavaThread "stderr" [_thread_in_native, id=1520, stack(0x00000011e3d00000,0x00000011e3e00000)]
  0x00000211d09cc800 JavaThread "stdout" [_thread_in_native, id=3292, stack(0x00000011e3e00000,0x00000011e3f00000)]
  0x00000211d09d3000 JavaThread "WorkerExecutor Queue Thread 2" [_thread_blocked, id=3820, stack(0x00000011e3f00000,0x00000011e4000000)]
  0x00000211d09cd800 JavaThread "WorkerExecutor Queue Thread 3" [_thread_blocked, id=9756, stack(0x00000011e4000000,0x00000011e4100000)]
  0x00000211d09d5000 JavaThread "WorkerExecutor Queue Thread 4" [_thread_blocked, id=6956, stack(0x00000011e4100000,0x00000011e4200000)]
  0x00000211d09d9800 JavaThread "stderr" [_thread_in_native, id=8624, stack(0x00000011e4200000,0x00000011e4300000)]
  0x00000211d09d6800 JavaThread "stdout" [_thread_in_native, id=9660, stack(0x00000011e4300000,0x00000011e4400000)]
  0x00000211d09d5800 JavaThread "Cache worker for Java compile cache (C:\Users\Admin\.gradle\caches\7.0.2\javaCompile)" [_thread_blocked, id=6328, stack(0x00000011e4400000,0x00000011e4500000)]
  0x00000211d09d7000 JavaThread "Cache worker for Java compile cache (C:\Users\Admin\Desktop\MyApplication7\.gradle\7.0.2\javaCompile)" [_thread_blocked, id=10220, stack(0x00000011e4500000,0x00000011e4600000)]
  0x00000211d09d9000 JavaThread "WorkerExecutor Queue Thread 5" [_thread_blocked, id=5812, stack(0x00000011dfe00000,0x00000011dff00000)]
  0x00000211ccf89800 JavaThread "C2 CompilerThread1" daemon [_thread_in_native, id=1808, stack(0x00000011dfd00000,0x00000011dfe00000)]
  0x00000211d09d4000 JavaThread "ForkJoinPool-1-worker-3" daemon [_thread_blocked, id=5352, stack(0x00000011e1b00000,0x00000011e1c00000)]
  0x00000211d09db800 JavaThread "ForkJoinPool-1-worker-5" daemon [_thread_blocked, id=6320, stack(0x00000011e2d00000,0x00000011e2e00000)]
  0x00000211d09da800 JavaThread "ForkJoinPool-1-worker-7" daemon [_thread_blocked, id=6936, stack(0x00000011e4600000,0x00000011e4700000)]
  0x00000211c9ec2000 JavaThread "ForkJoinPool-1-worker-1" daemon [_thread_blocked, id=6204, stack(0x00000011e4700000,0x00000011e4800000)]

Other Threads:
  0x00000211c6ca5000 VMThread "VM Thread" [stack: 0x00000011e0600000,0x00000011e0700000] [id=9224]
  0x00000211c77a8000 WatcherThread [stack: 0x00000011e1000000,0x00000011e1100000] [id=824]
  0x00000211ab17d800 GCTaskThread "GC Thread#0" [stack: 0x00000011e0100000,0x00000011e0200000] [id=8788]
  0x00000211c7c85800 GCTaskThread "GC Thread#1" [stack: 0x00000011e1100000,0x00000011e1200000] [id=876]
  0x00000211c79fa800 GCTaskThread "GC Thread#2" [stack: 0x00000011e1200000,0x00000011e1300000] [id=8484]
=>0x00000211c98d4000 GCTaskThread "GC Thread#3" [stack: 0x00000011e1f00000,0x00000011e2000000] [id=7436]
  0x00000211ab1ad800 ConcurrentGCThread "G1 Main Marker" [stack: 0x00000011e0200000,0x00000011e0300000] [id=1364]
  0x00000211ab1b0000 ConcurrentGCThread "G1 Conc#0" [stack: 0x00000011e0300000,0x00000011e0400000] [id=6528]
  0x00000211ab22d800 ConcurrentGCThread "G1 Refine#0" [stack: 0x00000011e0400000,0x00000011e0500000] [id=556]
  0x00000211c6af6800 ConcurrentGCThread "G1 Young RemSet Sampling" [stack: 0x00000011e0500000,0x00000011e0600000] [id=9712]

Threads with active compile tasks:
C2 CompilerThread0  73121 16821       4       com.android.tools.r8.dex.j::a (1038 bytes)
C2 CompilerThread1  73121 16958       4       com.android.tools.r8.code.w1::a (4137 bytes)

VM state:at safepoint (normal execution)

VM Mutex/Monitor currently owned by a thread:  ([mutex/lock_event])
[0x00000211ab15f7b0] Threads_lock - owner thread: 0x00000211c6ca5000
[0x00000211ab15fb10] Heap_lock - owner thread: 0x00000211c9ec2000

Heap address: 0x0000000080000000, size: 2048 MB, Compressed Oops mode: 32-bit
Narrow klass base: 0x0000000000000000, Narrow klass shift: 3
Compressed class space size: 1073741824 Address: 0x0000000100000000

Heap:
 garbage-first heap   total 273408K, used 211174K [0x0000000080000000, 0x0000000100000000)
  region size 1024K, 45 young (46080K), 6 survivors (6144K)
 Metaspace       used 116564K, capacity 119647K, committed 119792K, reserved 1153024K
  class space    used 15055K, capacity 16190K, committed 16244K, reserved 1048576K
Heap Regions: E=young(eden), S=young(survivor), O=old, HS=humongous(starts), HC=humongous(continues), CS=collection set, F=free, A=archive, TAMS=top-at-mark-start (previous, next)
|   0|0x0000000080000000, 0x0000000080100000, 0x0000000080100000|100%| O|  |TAMS 0x0000000080100000, 0x0000000080000000| Untracked 
|   1|0x0000000080100000, 0x0000000080200000, 0x0000000080200000|100%| O|  |TAMS 0x0000000080200000, 0x0000000080100000| Untracked 
|   2|0x0000000080200000, 0x0000000080300000, 0x0000000080300000|100%| O|  |TAMS 0x0000000080300000, 0x0000000080200000| Untracked 
|   3|0x0000000080300000, 0x0000000080400000, 0x0000000080400000|100%|HS|  |TAMS 0x0000000080400000, 0x0000000080300000| Complete 
|   4|0x0000000080400000, 0x0000000080500000, 0x0000000080500000|100%|HC|  |TAMS 0x0000000080500000, 0x0000000080400000| Complete 
|   5|0x0000000080500000, 0x0000000080600000, 0x0000000080600000|100%|HC|  |TAMS 0x0000000080600000, 0x0000000080500000| Complete 
|   6|0x0000000080600000, 0x0000000080700000, 0x0000000080700000|100%| O|  |TAMS 0x0000000080700000, 0x0000000080600000| Untracked 
|   7|0x0000000080700000, 0x0000000080800000, 0x0000000080800000|100%| O|  |TAMS 0x0000000080800000, 0x0000000080700000| Untracked 
|   8|0x0000000080800000, 0x0000000080900000, 0x0000000080900000|100%| O|  |TAMS 0x0000000080900000, 0x0000000080800000| Untracked 
|   9|0x0000000080900000, 0x0000000080a00000, 0x0000000080a00000|100%| O|  |TAMS 0x0000000080a00000, 0x0000000080900000| Untracked 
|  10|0x0000000080a00000, 0x0000000080b00000, 0x0000000080b00000|100%| O|  |TAMS 0x0000000080b00000, 0x0000000080a00000| Untracked 
|  11|0x0000000080b00000, 0x0000000080c00000, 0x0000000080c00000|100%| O|  |TAMS 0x0000000080c00000, 0x0000000080b00000| Untracked 
|  12|0x0000000080c00000, 0x0000000080d00000, 0x0000000080d00000|100%| O|  |TAMS 0x0000000080d00000, 0x0000000080c00000| Untracked 
|  13|0x0000000080d00000, 0x0000000080e00000, 0x0000000080e00000|100%| O|  |TAMS 0x0000000080e00000, 0x0000000080d00000| Untracked 
|  14|0x0000000080e00000, 0x0000000080f00000, 0x0000000080f00000|100%| O|  |TAMS 0x0000000080f00000, 0x0000000080e00000| Untracked 
|  15|0x0000000080f00000, 0x0000000081000000, 0x0000000081000000|100%| O|  |TAMS 0x0000000081000000, 0x0000000080f00000| Untracked 
|  16|0x0000000081000000, 0x0000000081100000, 0x0000000081100000|100%|HS|  |TAMS 0x0000000081100000, 0x0000000081000000| Complete 
|  17|0x0000000081100000, 0x0000000081200000, 0x0000000081200000|100%| O|  |TAMS 0x0000000081200000, 0x0000000081100000| Untracked 
|  18|0x0000000081200000, 0x0000000081300000, 0x0000000081300000|100%| O|  |TAMS 0x0000000081300000, 0x0000000081200000| Untracked 
|  19|0x0000000081300000, 0x0000000081400000, 0x0000000081400000|100%| O|  |TAMS 0x0000000081400000, 0x0000000081300000| Untracked 
|  20|0x0000000081400000, 0x0000000081500000, 0x0000000081500000|100%| O|  |TAMS 0x0000000081500000, 0x0000000081400000| Complete 
|  21|0x0000000081500000, 0x0000000081600000, 0x0000000081600000|100%| O|  |TAMS 0x0000000081600000, 0x0000000081500000| Untracked 
|  22|0x0000000081600000, 0x0000000081700000, 0x0000000081700000|100%| O|  |TAMS 0x0000000081700000, 0x0000000081600000| Complete 
|  23|0x0000000081700000, 0x0000000081800000, 0x0000000081800000|100%|HS|  |TAMS 0x0000000081800000, 0x0000000081700000| Complete 
|  24|0x0000000081800000, 0x0000000081900000, 0x0000000081900000|100%|HS|  |TAMS 0x0000000081900000, 0x0000000081800000| Complete 
|  25|0x0000000081900000, 0x0000000081a00000, 0x0000000081a00000|100%|HC|  |TAMS 0x0000000081a00000, 0x0000000081900000| Complete 
|  26|0x0000000081a00000, 0x0000000081b00000, 0x0000000081b00000|100%| O|  |TAMS 0x0000000081b00000, 0x0000000081a00000| Untracked 
|  27|0x0000000081b00000, 0x0000000081c00000, 0x0000000081c00000|100%| O|  |TAMS 0x0000000081c00000, 0x0000000081b00000| Untracked 
|  28|0x0000000081c00000, 0x0000000081d00000, 0x0000000081d00000|100%| O|  |TAMS 0x0000000081d00000, 0x0000000081c00000| Untracked 
|  29|0x0000000081d00000, 0x0000000081e00000, 0x0000000081e00000|100%| O|  |TAMS 0x0000000081e00000, 0x0000000081d00000| Untracked 
|  30|0x0000000081e00000, 0x0000000081f00000, 0x0000000081f00000|100%| O|  |TAMS 0x0000000081f00000, 0x0000000081e00000| Complete 
|  31|0x0000000081f00000, 0x0000000082000000, 0x0000000082000000|100%| O|  |TAMS 0x0000000082000000, 0x0000000081f00000| Untracked 
|  32|0x0000000082000000, 0x0000000082100000, 0x0000000082100000|100%| O|  |TAMS 0x0000000082100000, 0x0000000082000000| Untracked 
|  33|0x0000000082100000, 0x0000000082200000, 0x0000000082200000|100%| O|  |TAMS 0x0000000082200000, 0x0000000082100000| Complete 
|  34|0x0000000082200000, 0x0000000082300000, 0x0000000082300000|100%| O|  |TAMS 0x0000000082300000, 0x0000000082200000| Untracked 
|  35|0x0000000082300000, 0x0000000082400000, 0x0000000082400000|100%| O|  |TAMS 0x0000000082400000, 0x0000000082300000| Untracked 
|  36|0x0000000082400000, 0x0000000082500000, 0x0000000082500000|100%| O|  |TAMS 0x0000000082500000, 0x0000000082400000| Untracked 
|  37|0x0000000082500000, 0x0000000082600000, 0x0000000082600000|100%| O|  |TAMS 0x0000000082600000, 0x0000000082500000| Untracked 
|  38|0x0000000082600000, 0x0000000082700000, 0x0000000082700000|100%| O|  |TAMS 0x0000000082700000, 0x0000000082600000| Untracked 
|  39|0x0000000082700000, 0x0000000082800000, 0x0000000082800000|100%| O|  |TAMS 0x0000000082800000, 0x0000000082700000| Untracked 
|  40|0x0000000082800000, 0x0000000082900000, 0x0000000082900000|100%| O|  |TAMS 0x0000000082900000, 0x0000000082800000| Complete 
|  41|0x0000000082900000, 0x0000000082a00000, 0x0000000082a00000|100%| O|  |TAMS 0x0000000082a00000, 0x0000000082900000| Complete 
|  42|0x0000000082a00000, 0x0000000082b00000, 0x0000000082b00000|100%| O|  |TAMS 0x0000000082b00000, 0x0000000082a00000| Untracked 
|  43|0x0000000082b00000, 0x0000000082c00000, 0x0000000082c00000|100%| O|  |TAMS 0x0000000082c00000, 0x0000000082b00000| Untracked 
|  44|0x0000000082c00000, 0x0000000082d00000, 0x0000000082d00000|100%| O|  |TAMS 0x0000000082d00000, 0x0000000082c00000| Untracked 
|  45|0x0000000082d00000, 0x0000000082e00000, 0x0000000082e00000|100%| O|  |TAMS 0x0000000082e00000, 0x0000000082d00000| Untracked 
|  46|0x0000000082e00000, 0x0000000082f00000, 0x0000000082f00000|100%| O|  |TAMS 0x0000000082f00000, 0x0000000082e00000| Untracked 
|  47|0x0000000082f00000, 0x0000000083000000, 0x0000000083000000|100%| O|  |TAMS 0x0000000083000000, 0x0000000082f00000| Untracked 
|  48|0x0000000083000000, 0x0000000083100000, 0x0000000083100000|100%| O|  |TAMS 0x0000000083100000, 0x0000000083000000| Untracked 
|  49|0x0000000083100000, 0x0000000083200000, 0x0000000083200000|100%| O|  |TAMS 0x0000000083200000, 0x0000000083100000| Untracked 
|  50|0x0000000083200000, 0x0000000083300000, 0x0000000083300000|100%| O|  |TAMS 0x0000000083300000, 0x0000000083200000| Untracked 
|  51|0x0000000083300000, 0x0000000083400000, 0x0000000083400000|100%| O|  |TAMS 0x0000000083400000, 0x0000000083300000| Untracked 
|  52|0x0000000083400000, 0x0000000083500000, 0x0000000083500000|100%| O|  |TAMS 0x0000000083500000, 0x0000000083400000| Untracked 
|  53|0x0000000083500000, 0x0000000083600000, 0x0000000083600000|100%| O|  |TAMS 0x0000000083600000, 0x0000000083500000| Complete 
|  54|0x0000000083600000, 0x0000000083700000, 0x0000000083700000|100%| O|  |TAMS 0x0000000083700000, 0x0000000083600000| Untracked 
|  55|0x0000000083700000, 0x0000000083800000, 0x0000000083800000|100%| O|  |TAMS 0x0000000083800000, 0x0000000083700000| Untracked 
|  56|0x0000000083800000, 0x0000000083900000, 0x0000000083900000|100%| O|  |TAMS 0x0000000083900000, 0x0000000083800000| Untracked 
|  57|0x0000000083900000, 0x0000000083a00000, 0x0000000083a00000|100%| O|  |TAMS 0x0000000083a00000, 0x0000000083900000| Untracked 
|  58|0x0000000083a00000, 0x0000000083b00000, 0x0000000083b00000|100%| O|  |TAMS 0x0000000083b00000, 0x0000000083a00000| Complete 
|  59|0x0000000083b00000, 0x0000000083c00000, 0x0000000083c00000|100%| O|  |TAMS 0x0000000083c00000, 0x0000000083b00000| Untracked 
|  60|0x0000000083c00000, 0x0000000083d00000, 0x0000000083d00000|100%| O|  |TAMS 0x0000000083d00000, 0x0000000083c00000| Untracked 
|  61|0x0000000083d00000, 0x0000000083e00000, 0x0000000083e00000|100%| O|  |TAMS 0x0000000083e00000, 0x0000000083d00000| Untracked 
|  62|0x0000000083e00000, 0x0000000083f00000, 0x0000000083f00000|100%| O|  |TAMS 0x0000000083f00000, 0x0000000083e00000| Untracked 
|  63|0x0000000083f00000, 0x0000000084000000, 0x0000000084000000|100%| O|  |TAMS 0x0000000084000000, 0x0000000083f00000| Untracked 
|  64|0x0000000084000000, 0x0000000084100000, 0x0000000084100000|100%| O|  |TAMS 0x0000000084100000, 0x0000000084000000| Untracked 
|  65|0x0000000084100000, 0x0000000084200000, 0x0000000084200000|100%| O|  |TAMS 0x0000000084200000, 0x0000000084100000| Untracked 
|  66|0x0000000084200000, 0x0000000084300000, 0x0000000084300000|100%| O|  |TAMS 0x0000000084300000, 0x0000000084200000| Untracked 
|  67|0x0000000084300000, 0x0000000084400000, 0x0000000084400000|100%| O|  |TAMS 0x0000000084400000, 0x0000000084300000| Complete 
|  68|0x0000000084400000, 0x0000000084500000, 0x0000000084500000|100%| O|  |TAMS 0x0000000084500000, 0x0000000084400000| Untracked 
|  69|0x0000000084500000, 0x0000000084600000, 0x0000000084600000|100%| O|  |TAMS 0x0000000084600000, 0x0000000084500000| Complete 
|  70|0x0000000084600000, 0x0000000084700000, 0x0000000084700000|100%| O|  |TAMS 0x0000000084700000, 0x0000000084600000| Untracked 
|  71|0x0000000084700000, 0x0000000084800000, 0x0000000084800000|100%| O|  |TAMS 0x0000000084800000, 0x0000000084700000| Untracked 
|  72|0x0000000084800000, 0x0000000084900000, 0x0000000084900000|100%| O|  |TAMS 0x0000000084900000, 0x0000000084800000| Untracked 
|  73|0x0000000084900000, 0x0000000084a00000, 0x0000000084a00000|100%| O|  |TAMS 0x0000000084a00000, 0x0000000084900000| Untracked 
|  74|0x0000000084a00000, 0x0000000084b00000, 0x0000000084b00000|100%| O|  |TAMS 0x0000000084b00000, 0x0000000084a00000| Untracked 
|  75|0x0000000084b00000, 0x0000000084c00000, 0x0000000084c00000|100%| O|  |TAMS 0x0000000084c00000, 0x0000000084b00000| Untracked 
|  76|0x0000000084c00000, 0x0000000084d00000, 0x0000000084d00000|100%| O|  |TAMS 0x0000000084d00000, 0x0000000084c00000| Untracked 
|  77|0x0000000084d00000, 0x0000000084e00000, 0x0000000084e00000|100%| O|  |TAMS 0x0000000084e00000, 0x0000000084d00000| Complete 
|  78|0x0000000084e00000, 0x0000000084f00000, 0x0000000084f00000|100%| O|  |TAMS 0x0000000084f00000, 0x0000000084e00000| Untracked 
|  79|0x0000000084f00000, 0x0000000085000000, 0x0000000085000000|100%| O|  |TAMS 0x0000000085000000, 0x0000000084f00000| Untracked 
|  80|0x0000000085000000, 0x0000000085100000, 0x0000000085100000|100%| O|  |TAMS 0x0000000085100000, 0x0000000085000000| Complete 
|  81|0x0000000085100000, 0x0000000085200000, 0x0000000085200000|100%| O|  |TAMS 0x0000000085200000, 0x0000000085100000| Complete 
|  82|0x0000000085200000, 0x0000000085300000, 0x0000000085300000|100%| O|  |TAMS 0x0000000085300000, 0x0000000085200000| Complete 
|  83|0x0000000085300000, 0x0000000085400000, 0x0000000085400000|100%| O|  |TAMS 0x0000000085400000, 0x0000000085300000| Untracked 
|  84|0x0000000085400000, 0x0000000085500000, 0x0000000085500000|100%| O|  |TAMS 0x0000000085500000, 0x0000000085400000| Complete 
|  85|0x0000000085500000, 0x0000000085600000, 0x0000000085600000|100%| O|  |TAMS 0x0000000085600000, 0x0000000085500000| Complete 
|  86|0x0000000085600000, 0x0000000085700000, 0x0000000085700000|100%| O|  |TAMS 0x0000000085700000, 0x0000000085600000| Untracked 
|  87|0x0000000085700000, 0x0000000085800000, 0x0000000085800000|100%| O|  |TAMS 0x0000000085800000, 0x0000000085700000| Untracked 
|  88|0x0000000085800000, 0x0000000085900000, 0x0000000085900000|100%| O|  |TAMS 0x0000000085900000, 0x0000000085800000| Untracked 
|  89|0x0000000085900000, 0x0000000085a00000, 0x0000000085a00000|100%|HS|  |TAMS 0x0000000085900000, 0x0000000085900000| Complete 
|  90|0x0000000085a00000, 0x0000000085b00000, 0x0000000085b00000|100%| O|  |TAMS 0x0000000085b00000, 0x0000000085a00000| Complete 
|  91|0x0000000085b00000, 0x0000000085c00000, 0x0000000085c00000|100%| O|  |TAMS 0x0000000085c00000, 0x0000000085b00000| Untracked 
|  92|0x0000000085c00000, 0x0000000085d00000, 0x0000000085d00000|100%| O|  |TAMS 0x0000000085d00000, 0x0000000085c00000| Untracked 
|  93|0x0000000085d00000, 0x0000000085e00000, 0x0000000085e00000|100%| O|  |TAMS 0x0000000085e00000, 0x0000000085d00000| Untracked 
|  94|0x0000000085e00000, 0x0000000085f00000, 0x0000000085f00000|100%| O|  |TAMS 0x0000000085f00000, 0x0000000085e00000| Untracked 
|  95|0x0000000085f00000, 0x0000000086000000, 0x0000000086000000|100%| O|  |TAMS 0x0000000086000000, 0x0000000085f00000| Untracked 
|  96|0x0000000086000000, 0x0000000086100000, 0x0000000086100000|100%| O|  |TAMS 0x0000000086100000, 0x0000000086000000| Complete 
|  97|0x0000000086100000, 0x0000000086200000, 0x0000000086200000|100%| O|  |TAMS 0x0000000086200000, 0x0000000086100000| Complete 
|  98|0x0000000086200000, 0x0000000086300000, 0x0000000086300000|100%|HS|  |TAMS 0x0000000086300000, 0x0000000086200000| Complete 
|  99|0x0000000086300000, 0x0000000086400000, 0x0000000086400000|100%|HC|  |TAMS 0x0000000086400000, 0x0000000086300000| Complete 
| 100|0x0000000086400000, 0x0000000086500000, 0x0000000086500000|100%| O|  |TAMS 0x0000000086500000, 0x0000000086400000| Complete 
| 101|0x0000000086500000, 0x0000000086600000, 0x0000000086600000|100%| O|  |TAMS 0x0000000086600000, 0x0000000086500000| Complete 
| 102|0x0000000086600000, 0x0000000086700000, 0x0000000086700000|100%| O|  |TAMS 0x0000000086700000, 0x0000000086600000| Complete 
| 103|0x0000000086700000, 0x0000000086800000, 0x0000000086800000|100%| O|  |TAMS 0x0000000086800000, 0x0000000086700000| Complete 
| 104|0x0000000086800000, 0x0000000086900000, 0x0000000086900000|100%| O|  |TAMS 0x0000000086900000, 0x0000000086800000| Complete 
| 105|0x0000000086900000, 0x0000000086a00000, 0x0000000086a00000|100%| O|  |TAMS 0x0000000086a00000, 0x0000000086900000| Complete 
| 106|0x0000000086a00000, 0x0000000086b00000, 0x0000000086b00000|100%| O|  |TAMS 0x0000000086b00000, 0x0000000086a00000| Complete 
| 107|0x0000000086b00000, 0x0000000086c00000, 0x0000000086c00000|100%|HS|  |TAMS 0x0000000086c00000, 0x0000000086b00000| Complete 
| 108|0x0000000086c00000, 0x0000000086d00000, 0x0000000086d00000|100%|HC|  |TAMS 0x0000000086d00000, 0x0000000086c00000| Complete 
| 109|0x0000000086d00000, 0x0000000086e00000, 0x0000000086e00000|100%|HS|  |TAMS 0x0000000086e00000, 0x0000000086d00000| Complete 
| 110|0x0000000086e00000, 0x0000000086f00000, 0x0000000086f00000|100%| O|  |TAMS 0x0000000086f00000, 0x0000000086e00000| Complete 
| 111|0x0000000086f00000, 0x0000000087000000, 0x0000000087000000|100%| O|  |TAMS 0x0000000087000000, 0x0000000086f00000| Complete 
| 112|0x0000000087000000, 0x0000000087100000, 0x0000000087100000|100%| O|  |TAMS 0x0000000087100000, 0x0000000087000000| Complete 
| 113|0x0000000087100000, 0x0000000087200000, 0x0000000087200000|100%| O|  |TAMS 0x0000000087100000, 0x0000000087100000| Untracked 
| 114|0x0000000087200000, 0x0000000087300000, 0x0000000087300000|100%| O|  |TAMS 0x0000000087300000, 0x0000000087200000| Complete 
| 115|0x0000000087300000, 0x0000000087400000, 0x0000000087400000|100%| O|  |TAMS 0x0000000087300000, 0x0000000087300000| Untracked 
| 116|0x0000000087400000, 0x0000000087500000, 0x0000000087500000|100%| O|  |TAMS 0x0000000087400000, 0x0000000087400000| Untracked 
| 117|0x0000000087500000, 0x0000000087600000, 0x0000000087600000|100%|HS|  |TAMS 0x0000000087600000, 0x0000000087500000| Complete 
| 118|0x0000000087600000, 0x0000000087700000, 0x0000000087700000|100%| O|  |TAMS 0x0000000087700000, 0x0000000087600000| Complete 
| 119|0x0000000087700000, 0x0000000087800000, 0x0000000087800000|100%|HS|  |TAMS 0x0000000087700000, 0x0000000087700000| Complete 
| 120|0x0000000087800000, 0x0000000087900000, 0x0000000087900000|100%| O|  |TAMS 0x0000000087900000, 0x0000000087800000| Complete 
| 121|0x0000000087900000, 0x0000000087a00000, 0x0000000087a00000|100%| O|  |TAMS 0x0000000087a00000, 0x0000000087900000| Complete 
| 122|0x0000000087a00000, 0x0000000087b00000, 0x0000000087b00000|100%| O|  |TAMS 0x0000000087b00000, 0x0000000087a00000| Complete 
| 123|0x0000000087b00000, 0x0000000087c00000, 0x0000000087c00000|100%| O|  |TAMS 0x0000000087c00000, 0x0000000087b00000| Untracked 
| 124|0x0000000087c00000, 0x0000000087d00000, 0x0000000087d00000|100%| O|  |TAMS 0x0000000087d00000, 0x0000000087c00000| Untracked 
| 125|0x0000000087d00000, 0x0000000087e00000, 0x0000000087e00000|100%| O|  |TAMS 0x0000000087e00000, 0x0000000087d00000| Complete 
| 126|0x0000000087e00000, 0x0000000087f00000, 0x0000000087f00000|100%| O|  |TAMS 0x0000000087f00000, 0x0000000087e00000| Complete 
| 127|0x0000000087f00000, 0x0000000088000000, 0x0000000088000000|100%| O|  |TAMS 0x0000000088000000, 0x0000000087f00000| Complete 
| 128|0x0000000088000000, 0x0000000088100000, 0x0000000088100000|100%| O|  |TAMS 0x0000000088100000, 0x0000000088000000| Complete 
| 129|0x0000000088100000, 0x0000000088200000, 0x0000000088200000|100%| O|  |TAMS 0x0000000088200000, 0x0000000088100000| Complete 
| 130|0x0000000088200000, 0x0000000088300000, 0x0000000088300000|100%| O|  |TAMS 0x0000000088300000, 0x0000000088200000| Complete 
| 131|0x0000000088300000, 0x0000000088400000, 0x0000000088400000|100%| O|  |TAMS 0x0000000088386e00, 0x0000000088300000| Complete 
| 132|0x0000000088400000, 0x0000000088500000, 0x0000000088500000|100%|HS|  |TAMS 0x0000000088500000, 0x0000000088400000| Complete 
| 133|0x0000000088500000, 0x0000000088600000, 0x0000000088600000|100%|HC|  |TAMS 0x0000000088600000, 0x0000000088500000| Complete 
| 134|0x0000000088600000, 0x0000000088700000, 0x0000000088700000|100%|HC|  |TAMS 0x0000000088700000, 0x0000000088600000| Complete 
| 135|0x0000000088700000, 0x0000000088800000, 0x0000000088800000|100%|HC|  |TAMS 0x0000000088800000, 0x0000000088700000| Complete 
| 136|0x0000000088800000, 0x0000000088900000, 0x0000000088900000|100%|HC|  |TAMS 0x0000000088900000, 0x0000000088800000| Complete 
| 137|0x0000000088900000, 0x0000000088a00000, 0x0000000088a00000|100%|HC|  |TAMS 0x0000000088a00000, 0x0000000088900000| Complete 
| 138|0x0000000088a00000, 0x0000000088b00000, 0x0000000088b00000|100%|HC|  |TAMS 0x0000000088b00000, 0x0000000088a00000| Complete 
| 139|0x0000000088b00000, 0x0000000088c00000, 0x0000000088c00000|100%|HC|  |TAMS 0x0000000088c00000, 0x0000000088b00000| Complete 
| 140|0x0000000088c00000, 0x0000000088d00000, 0x0000000088d00000|100%|HC|  |TAMS 0x0000000088d00000, 0x0000000088c00000| Complete 
| 141|0x0000000088d00000, 0x0000000088e00000, 0x0000000088e00000|100%| O|  |TAMS 0x0000000088d00000, 0x0000000088d00000| Untracked 
| 142|0x0000000088e00000, 0x0000000088f00000, 0x0000000088f00000|100%| O|  |TAMS 0x0000000088e00000, 0x0000000088e00000| Untracked 
| 143|0x0000000088f00000, 0x0000000089000000, 0x0000000089000000|100%| O|  |TAMS 0x0000000088f00000, 0x0000000088f00000| Untracked 
| 144|0x0000000089000000, 0x0000000089100000, 0x0000000089100000|100%| O|  |TAMS 0x0000000089000000, 0x0000000089000000| Untracked 
| 145|0x0000000089100000, 0x0000000089200000, 0x0000000089200000|100%| O|  |TAMS 0x0000000089100000, 0x0000000089100000| Untracked 
| 146|0x0000000089200000, 0x0000000089300000, 0x0000000089300000|100%| O|  |TAMS 0x0000000089200000, 0x0000000089200000| Untracked 
| 147|0x0000000089300000, 0x0000000089400000, 0x0000000089400000|100%| O|  |TAMS 0x0000000089300000, 0x0000000089300000| Untracked 
| 148|0x0000000089400000, 0x0000000089500000, 0x0000000089500000|100%| O|  |TAMS 0x0000000089400000, 0x0000000089400000| Untracked 
| 149|0x0000000089500000, 0x0000000089600000, 0x0000000089600000|100%| O|  |TAMS 0x0000000089500000, 0x0000000089500000| Untracked 
| 150|0x0000000089600000, 0x0000000089700000, 0x0000000089700000|100%|HS|  |TAMS 0x0000000089700000, 0x0000000089600000| Complete 
| 151|0x0000000089700000, 0x0000000089800000, 0x0000000089800000|100%|HC|  |TAMS 0x0000000089800000, 0x0000000089700000| Complete 
| 152|0x0000000089800000, 0x0000000089900000, 0x0000000089900000|100%|HC|  |TAMS 0x0000000089900000, 0x0000000089800000| Complete 
| 153|0x0000000089900000, 0x0000000089a00000, 0x0000000089a00000|100%|HC|  |TAMS 0x0000000089a00000, 0x0000000089900000| Complete 
| 154|0x0000000089a00000, 0x0000000089b00000, 0x0000000089b00000|100%|HC|  |TAMS 0x0000000089b00000, 0x0000000089a00000| Complete 
| 155|0x0000000089b00000, 0x0000000089c00000, 0x0000000089c00000|100%|HC|  |TAMS 0x0000000089c00000, 0x0000000089b00000| Complete 
| 156|0x0000000089c00000, 0x0000000089d00000, 0x0000000089d00000|100%|HC|  |TAMS 0x0000000089d00000, 0x0000000089c00000| Complete 
| 157|0x0000000089d00000, 0x0000000089e00000, 0x0000000089e00000|100%|HC|  |TAMS 0x0000000089e00000, 0x0000000089d00000| Complete 
| 158|0x0000000089e00000, 0x0000000089f00000, 0x0000000089f00000|100%|HC|  |TAMS 0x0000000089f00000, 0x0000000089e00000| Complete 
| 159|0x0000000089f00000, 0x000000008a000000, 0x000000008a000000|100%| O|  |TAMS 0x0000000089f00000, 0x0000000089f00000| Untracked 
| 160|0x000000008a000000, 0x000000008a100000, 0x000000008a100000|100%|HS|  |TAMS 0x000000008a000000, 0x000000008a000000| Complete 
| 161|0x000000008a100000, 0x000000008a200000, 0x000000008a200000|100%|HS|  |TAMS 0x000000008a200000, 0x000000008a100000| Complete 
| 162|0x000000008a200000, 0x000000008a300000, 0x000000008a300000|100%|HC|  |TAMS 0x000000008a300000, 0x000000008a200000| Complete 
| 163|0x000000008a300000, 0x000000008a400000, 0x000000008a400000|100%| O|  |TAMS 0x000000008a300000, 0x000000008a300000| Untracked 
| 164|0x000000008a400000, 0x000000008a500000, 0x000000008a500000|100%| O|  |TAMS 0x000000008a400000, 0x000000008a400000| Untracked 
| 165|0x000000008a500000, 0x000000008a600000, 0x000000008a600000|100%| O|  |TAMS 0x000000008a500000, 0x000000008a500000| Untracked 
| 166|0x000000008a600000, 0x000000008a700000, 0x000000008a700000|100%| O|  |TAMS 0x000000008a600000, 0x000000008a600000| Untracked 
| 167|0x000000008a700000, 0x000000008a800000, 0x000000008a800000|100%| O|  |TAMS 0x000000008a700000, 0x000000008a700000| Untracked 
| 168|0x000000008a800000, 0x000000008a900000, 0x000000008a900000|100%| O|  |TAMS 0x000000008a800000, 0x000000008a800000| Untracked 
| 169|0x000000008a900000, 0x000000008aa00000, 0x000000008aa00000|100%| O|  |TAMS 0x000000008a900000, 0x000000008a900000| Untracked 
| 170|0x000000008aa00000, 0x000000008ab00000, 0x000000008ab00000|100%| O|  |TAMS 0x000000008aa00000, 0x000000008aa00000| Untracked 
| 171|0x000000008ab00000, 0x000000008ac00000, 0x000000008ac00000|100%| O|  |TAMS 0x000000008ab00000, 0x000000008ab00000| Untracked 
| 172|0x000000008ac00000, 0x000000008ad00000, 0x000000008ad00000|100%| O|  |TAMS 0x000000008ac00000, 0x000000008ac00000| Untracked 
| 173|0x000000008ad00000, 0x000000008ae00000, 0x000000008ae00000|100%| O|  |TAMS 0x000000008ad00000, 0x000000008ad00000| Untracked 
| 174|0x000000008ae00000, 0x000000008af00000, 0x000000008af00000|100%| O|  |TAMS 0x000000008ae00000, 0x000000008ae00000| Untracked 
| 175|0x000000008af00000, 0x000000008b000000, 0x000000008b000000|100%| O|  |TAMS 0x000000008af00000, 0x000000008af00000| Untracked 
| 176|0x000000008b000000, 0x000000008b100000, 0x000000008b100000|100%| O|  |TAMS 0x000000008b000000, 0x000000008b000000| Untracked 
| 177|0x000000008b100000, 0x000000008b200000, 0x000000008b200000|100%| O|  |TAMS 0x000000008b100000, 0x000000008b100000| Untracked 
| 178|0x000000008b200000, 0x000000008b300000, 0x000000008b300000|100%| O|  |TAMS 0x000000008b200000, 0x000000008b200000| Untracked 
| 179|0x000000008b300000, 0x000000008b400000, 0x000000008b400000|100%| O|  |TAMS 0x000000008b300000, 0x000000008b300000| Untracked 
| 180|0x000000008b400000, 0x000000008b400000, 0x000000008b500000|  0%| F|  |TAMS 0x000000008b400000, 0x000000008b400000| Untracked 
| 181|0x000000008b500000, 0x000000008b500000, 0x000000008b600000|  0%| F|  |TAMS 0x000000008b500000, 0x000000008b500000| Untracked 
| 182|0x000000008b600000, 0x000000008b600000, 0x000000008b700000|  0%| F|  |TAMS 0x000000008b600000, 0x000000008b600000| Untracked 
| 183|0x000000008b700000, 0x000000008b700000, 0x000000008b800000|  0%| F|  |TAMS 0x000000008b700000, 0x000000008b700000| Untracked 
| 184|0x000000008b800000, 0x000000008b800000, 0x000000008b900000|  0%| F|  |TAMS 0x000000008b800000, 0x000000008b800000| Untracked 
| 185|0x000000008b900000, 0x000000008b900000, 0x000000008ba00000|  0%| F|  |TAMS 0x000000008b900000, 0x000000008b900000| Untracked 
| 186|0x000000008ba00000, 0x000000008ba00000, 0x000000008bb00000|  0%| F|  |TAMS 0x000000008ba00000, 0x000000008ba00000| Untracked 
| 187|0x000000008bb00000, 0x000000008bb00000, 0x000000008bc00000|  0%| F|  |TAMS 0x000000008bb00000, 0x000000008bb00000| Untracked 
| 188|0x000000008bc00000, 0x000000008bd00000, 0x000000008bd00000|100%| E|CS|TAMS 0x000000008bc00000, 0x000000008bc00000| Complete 
| 189|0x000000008bd00000, 0x000000008be00000, 0x000000008be00000|100%| E|CS|TAMS 0x000000008bd00000, 0x000000008bd00000| Complete 
| 190|0x000000008be00000, 0x000000008bf00000, 0x000000008bf00000|100%| E|CS|TAMS 0x000000008be00000, 0x000000008be00000| Complete 
| 191|0x000000008bf00000, 0x000000008c000000, 0x000000008c000000|100%| E|CS|TAMS 0x000000008bf00000, 0x000000008bf00000| Complete 
| 192|0x000000008c000000, 0x000000008c100000, 0x000000008c100000|100%| E|CS|TAMS 0x000000008c000000, 0x000000008c000000| Complete 
| 193|0x000000008c100000, 0x000000008c100000, 0x000000008c200000|  0%| F|  |TAMS 0x000000008c100000, 0x000000008c100000| Untracked 
| 194|0x000000008c200000, 0x000000008c200000, 0x000000008c300000|  0%| F|  |TAMS 0x000000008c200000, 0x000000008c200000| Untracked 
| 195|0x000000008c300000, 0x000000008c300000, 0x000000008c400000|  0%| F|  |TAMS 0x000000008c300000, 0x000000008c300000| Untracked 
| 196|0x000000008c400000, 0x000000008c400000, 0x000000008c500000|  0%| F|  |TAMS 0x000000008c400000, 0x000000008c400000| Untracked 
| 197|0x000000008c500000, 0x000000008c500000, 0x000000008c600000|  0%| F|  |TAMS 0x000000008c500000, 0x000000008c500000| Untracked 
| 198|0x000000008c600000, 0x000000008c600000, 0x000000008c700000|  0%| F|  |TAMS 0x000000008c600000, 0x000000008c600000| Untracked 
| 199|0x000000008c700000, 0x000000008c700000, 0x000000008c800000|  0%| F|  |TAMS 0x000000008c700000, 0x000000008c700000| Untracked 
| 200|0x000000008c800000, 0x000000008c800000, 0x000000008c900000|  0%| F|  |TAMS 0x000000008c800000, 0x000000008c800000| Untracked 
| 201|0x000000008c900000, 0x000000008c900000, 0x000000008ca00000|  0%| F|  |TAMS 0x000000008c900000, 0x000000008c900000| Untracked 
| 202|0x000000008ca00000, 0x000000008ca00000, 0x000000008cb00000|  0%| F|  |TAMS 0x000000008ca00000, 0x000000008ca00000| Untracked 
| 203|0x000000008cb00000, 0x000000008cb00000, 0x000000008cc00000|  0%| F|  |TAMS 0x000000008cb00000, 0x000000008cb00000| Untracked 
| 204|0x000000008cc00000, 0x000000008cc00000, 0x000000008cd00000|  0%| F|  |TAMS 0x000000008cc00000, 0x000000008cc00000| Untracked 
| 205|0x000000008cd00000, 0x000000008cd00000, 0x000000008ce00000|  0%| F|  |TAMS 0x000000008cd00000, 0x000000008cd00000| Untracked 
| 206|0x000000008ce00000, 0x000000008ce00000, 0x000000008cf00000|  0%| F|  |TAMS 0x000000008ce00000, 0x000000008ce00000| Untracked 
| 207|0x000000008cf00000, 0x000000008cf00000, 0x000000008d000000|  0%| F|  |TAMS 0x000000008cf00000, 0x000000008cf00000| Untracked 
| 208|0x000000008d000000, 0x000000008d000000, 0x000000008d100000|  0%| F|  |TAMS 0x000000008d000000, 0x000000008d000000| Untracked 
| 209|0x000000008d100000, 0x000000008d100000, 0x000000008d200000|  0%| F|  |TAMS 0x000000008d100000, 0x000000008d100000| Untracked 
| 210|0x000000008d200000, 0x000000008d200000, 0x000000008d300000|  0%| F|  |TAMS 0x000000008d200000, 0x000000008d200000| Untracked 
| 211|0x000000008d300000, 0x000000008d300000, 0x000000008d400000|  0%| F|  |TAMS 0x000000008d300000, 0x000000008d300000| Untracked 
| 212|0x000000008d400000, 0x000000008d400000, 0x000000008d500000|  0%| F|  |TAMS 0x000000008d400000, 0x000000008d400000| Untracked 
| 213|0x000000008d500000, 0x000000008d500000, 0x000000008d600000|  0%| F|  |TAMS 0x000000008d500000, 0x000000008d500000| Untracked 
| 214|0x000000008d600000, 0x000000008d600000, 0x000000008d700000|  0%| F|  |TAMS 0x000000008d600000, 0x000000008d600000| Untracked 
| 215|0x000000008d700000, 0x000000008d700000, 0x000000008d800000|  0%| F|  |TAMS 0x000000008d700000, 0x000000008d700000| Untracked 
| 216|0x000000008d800000, 0x000000008d800000, 0x000000008d900000|  0%| F|  |TAMS 0x000000008d800000, 0x000000008d800000| Untracked 
| 217|0x000000008d900000, 0x000000008d900000, 0x000000008da00000|  0%| F|  |TAMS 0x000000008d900000, 0x000000008d900000| Untracked 
| 218|0x000000008da00000, 0x000000008da00000, 0x000000008db00000|  0%| F|  |TAMS 0x000000008da00000, 0x000000008da00000| Untracked 
| 219|0x000000008db00000, 0x000000008db00000, 0x000000008dc00000|  0%| F|  |TAMS 0x000000008db00000, 0x000000008db00000| Untracked 
| 220|0x000000008dc00000, 0x000000008dc00000, 0x000000008dd00000|  0%| F|  |TAMS 0x000000008dc00000, 0x000000008dc00000| Untracked 
| 221|0x000000008dd00000, 0x000000008dd00000, 0x000000008de00000|  0%| F|  |TAMS 0x000000008dd00000, 0x000000008dd00000| Untracked 
| 222|0x000000008de00000, 0x000000008df00000, 0x000000008df00000|100%| S|  |TAMS 0x000000008de00000, 0x000000008de00000| Complete 
| 223|0x000000008df00000, 0x000000008e000000, 0x000000008e000000|100%| S|  |TAMS 0x000000008df00000, 0x000000008df00000| Complete 
| 224|0x000000008e000000, 0x000000008e100000, 0x000000008e100000|100%| S|  |TAMS 0x000000008e000000, 0x000000008e000000| Complete 
| 225|0x000000008e100000, 0x000000008e200000, 0x000000008e200000|100%| S|  |TAMS 0x000000008e100000, 0x000000008e100000| Complete 
| 226|0x000000008e200000, 0x000000008e300000, 0x000000008e300000|100%| S|  |TAMS 0x000000008e200000, 0x000000008e200000| Complete 
| 227|0x000000008e300000, 0x000000008e400000, 0x000000008e400000|100%| S|  |TAMS 0x000000008e300000, 0x000000008e300000| Complete 
| 228|0x000000008e400000, 0x000000008e500000, 0x000000008e500000|100%| E|CS|TAMS 0x000000008e400000, 0x000000008e400000| Complete 
| 229|0x000000008e500000, 0x000000008e600000, 0x000000008e600000|100%| E|CS|TAMS 0x000000008e500000, 0x000000008e500000| Complete 
| 230|0x000000008e600000, 0x000000008e700000, 0x000000008e700000|100%| E|CS|TAMS 0x000000008e600000, 0x000000008e600000| Complete 
| 231|0x000000008e700000, 0x000000008e800000, 0x000000008e800000|100%| E|CS|TAMS 0x000000008e700000, 0x000000008e700000| Complete 
| 232|0x000000008e800000, 0x000000008e900000, 0x000000008e900000|100%| E|CS|TAMS 0x000000008e800000, 0x000000008e800000| Complete 
| 233|0x000000008e900000, 0x000000008ea00000, 0x000000008ea00000|100%| E|CS|TAMS 0x000000008e900000, 0x000000008e900000| Complete 
| 234|0x000000008ea00000, 0x000000008eb00000, 0x000000008eb00000|100%| E|CS|TAMS 0x000000008ea00000, 0x000000008ea00000| Complete 
| 235|0x000000008eb00000, 0x000000008ec00000, 0x000000008ec00000|100%| E|CS|TAMS 0x000000008eb00000, 0x000000008eb00000| Complete 
| 236|0x000000008ec00000, 0x000000008ed00000, 0x000000008ed00000|100%| E|CS|TAMS 0x000000008ec00000, 0x000000008ec00000| Complete 
| 237|0x000000008ed00000, 0x000000008ee00000, 0x000000008ee00000|100%| E|CS|TAMS 0x000000008ed00000, 0x000000008ed00000| Complete 
| 238|0x000000008ee00000, 0x000000008ef00000, 0x000000008ef00000|100%| E|CS|TAMS 0x000000008ee00000, 0x000000008ee00000| Complete 
| 239|0x000000008ef00000, 0x000000008f000000, 0x000000008f000000|100%| E|CS|TAMS 0x000000008ef00000, 0x000000008ef00000| Complete 
| 240|0x000000008f000000, 0x000000008f100000, 0x000000008f100000|100%| E|CS|TAMS 0x000000008f000000, 0x000000008f000000| Complete 
| 241|0x000000008f100000, 0x000000008f200000, 0x000000008f200000|100%| E|CS|TAMS 0x000000008f100000, 0x000000008f100000| Complete 
| 242|0x000000008f200000, 0x000000008f300000, 0x000000008f300000|100%| E|CS|TAMS 0x000000008f200000, 0x000000008f200000| Complete 
| 243|0x000000008f300000, 0x000000008f400000, 0x000000008f400000|100%| E|CS|TAMS 0x000000008f300000, 0x000000008f300000| Complete 
| 244|0x000000008f400000, 0x000000008f500000, 0x000000008f500000|100%| E|CS|TAMS 0x000000008f400000, 0x000000008f400000| Complete 
| 245|0x000000008f500000, 0x000000008f600000, 0x000000008f600000|100%| E|CS|TAMS 0x000000008f500000, 0x000000008f500000| Complete 
| 246|0x000000008f600000, 0x000000008f700000, 0x000000008f700000|100%| E|CS|TAMS 0x000000008f600000, 0x000000008f600000| Complete 
| 247|0x000000008f700000, 0x000000008f800000, 0x000000008f800000|100%| E|CS|TAMS 0x000000008f700000, 0x000000008f700000| Complete 
| 248|0x000000008f800000, 0x000000008f900000, 0x000000008f900000|100%| E|CS|TAMS 0x000000008f800000, 0x000000008f800000| Complete 
| 249|0x000000008f900000, 0x000000008fa00000, 0x000000008fa00000|100%| E|CS|TAMS 0x000000008f900000, 0x000000008f900000| Complete 
| 250|0x000000008fa00000, 0x000000008fb00000, 0x000000008fb00000|100%| E|CS|TAMS 0x000000008fa00000, 0x000000008fa00000| Complete 
| 251|0x000000008fb00000, 0x000000008fc00000, 0x000000008fc00000|100%| E|CS|TAMS 0x000000008fb00000, 0x000000008fb00000| Complete 
| 252|0x000000008fc00000, 0x000000008fd00000, 0x000000008fd00000|100%| E|CS|TAMS 0x000000008fc00000, 0x000000008fc00000| Complete 
| 253|0x000000008fd00000, 0x000000008fe00000, 0x000000008fe00000|100%| E|CS|TAMS 0x000000008fd00000, 0x000000008fd00000| Complete 
| 254|0x000000008fe00000, 0x000000008ff00000, 0x000000008ff00000|100%| E|CS|TAMS 0x000000008fe00000, 0x000000008fe00000| Complete 
| 255|0x000000008ff00000, 0x0000000090000000, 0x0000000090000000|100%| E|CS|TAMS 0x000000008ff00000, 0x000000008ff00000| Complete 
| 256|0x0000000090000000, 0x0000000090100000, 0x0000000090100000|100%| E|CS|TAMS 0x0000000090000000, 0x0000000090000000| Complete 
| 257|0x0000000090100000, 0x0000000090200000, 0x0000000090200000|100%| E|CS|TAMS 0x0000000090100000, 0x0000000090100000| Complete 
| 258|0x0000000090200000, 0x0000000090300000, 0x0000000090300000|100%| E|CS|TAMS 0x0000000090200000, 0x0000000090200000| Complete 
| 259|0x0000000090300000, 0x0000000090400000, 0x0000000090400000|100%| E|CS|TAMS 0x0000000090300000, 0x0000000090300000| Complete 
| 260|0x0000000090400000, 0x0000000090500000, 0x0000000090500000|100%| E|CS|TAMS 0x0000000090400000, 0x0000000090400000| Complete 
| 261|0x0000000090500000, 0x0000000090600000, 0x0000000090600000|100%| E|CS|TAMS 0x0000000090500000, 0x0000000090500000| Complete 
| 262|0x0000000090600000, 0x0000000090700000, 0x0000000090700000|100%| E|CS|TAMS 0x0000000090600000, 0x0000000090600000| Complete 
| 263|0x0000000090700000, 0x0000000090800000, 0x0000000090800000|100%| E|CS|TAMS 0x0000000090700000, 0x0000000090700000| Complete 
| 264|0x0000000090800000, 0x0000000090900000, 0x0000000090900000|100%| E|CS|TAMS 0x0000000090800000, 0x0000000090800000| Complete 
| 265|0x0000000090900000, 0x0000000090a00000, 0x0000000090a00000|100%| E|CS|TAMS 0x0000000090900000, 0x0000000090900000| Complete 
| 266|0x0000000090a00000, 0x0000000090b00000, 0x0000000090b00000|100%| E|CS|TAMS 0x0000000090a00000, 0x0000000090a00000| Complete 

Card table byte_map: [0x00000211bfe50000,0x00000211c0250000] _byte_map_base: 0x00000211bfa50000

Marking Bits (Prev, Next): (CMBitMap*) 0x00000211ab1a4b60, (CMBitMap*) 0x00000211ab1a4b28
 Prev Bits: [0x00000211c2650000, 0x00000211c4650000)
 Next Bits: [0x00000211c0650000, 0x00000211c2650000)

Polling page: 0x00000211ab230000

Metaspace:

Usage:
  Non-class:    101.03 MB capacity,    99.13 MB ( 98%) used,     1.55 MB (  2%) free+waste,   361.63 KB ( <1%) overhead. 
      Class:     15.81 MB capacity,    14.70 MB ( 93%) used,   970.34 KB (  6%) free+waste,   164.38 KB (  1%) overhead. 
       Both:    116.84 MB capacity,   113.83 MB ( 97%) used,     2.50 MB (  2%) free+waste,   526.00 KB ( <1%) overhead. 

Virtual space:
  Non-class space:      102.00 MB reserved,     101.12 MB (>99%) committed 
      Class space:        1.00 GB reserved,      15.86 MB (  2%) committed 
             Both:        1.10 GB reserved,     116.98 MB ( 10%) committed 

Chunk freelists:
   Non-Class:  27.00 KB
       Class:  2.00 KB
        Both:  29.00 KB

MaxMetaspaceSize: 17179869184.00 GB
CompressedClassSpaceSize: 1.00 GB

CodeHeap 'non-profiled nmethods': size=120064Kb used=10887Kb max_used=11071Kb free=109176Kb
 bounds [0x00000211b7ef0000, 0x00000211b89c0000, 0x00000211bf430000]
CodeHeap 'profiled nmethods': size=120000Kb used=37235Kb max_used=37235Kb free=82764Kb
 bounds [0x00000211b09c0000, 0x00000211b2e50000, 0x00000211b7ef0000]
CodeHeap 'non-nmethods': size=5696Kb used=2341Kb max_used=2380Kb free=3355Kb
 bounds [0x00000211b0430000, 0x00000211b06a0000, 0x00000211b09c0000]
 total_blobs=16955 nmethods=15994 adapters=871
 compilation: enabled
              stopped_count=0, restarted_count=0
 full_count=0

Compilation events (20 events):
Event: 72.790 Thread 0x00000211c6cdb000 17012 %     3       com.android.tools.r8.internal.Ah::d @ 58 (188 bytes)
Event: 72.792 Thread 0x00000211c6cdb000 nmethod 17012% 0x00000211b145d510 code [0x00000211b145d7c0, 0x00000211b145e5e8]
Event: 72.792 Thread 0x00000211c6cdb000 17013       3       com.android.tools.r8.internal.Ah::d (188 bytes)
Event: 72.793 Thread 0x00000211c6cdb000 nmethod 17013 0x00000211b145c110 code [0x00000211b145c3a0, 0x00000211b145d068]
Event: 72.796 Thread 0x00000211c6cdb000 17015       2       com.android.tools.r8.code.W0::<init> (30 bytes)
Event: 72.797 Thread 0x00000211c6cdb000 nmethod 17015 0x00000211b142a590 code [0x00000211b142a760, 0x00000211b142aa38]
Event: 72.810 Thread 0x00000211c6cdb000 17016       1       com.android.tools.r8.internal.mu::size (5 bytes)
Event: 72.810 Thread 0x00000211c6cdb000 nmethod 17016 0x00000211b8098c90 code [0x00000211b8098e40, 0x00000211b8098ef8]
Event: 72.812 Thread 0x00000211c6cdb000 17017       2       com.android.tools.r8.code.K0::<init> (28 bytes)
Event: 72.813 Thread 0x00000211c6cdb000 nmethod 17017 0x00000211b1429f90 code [0x00000211b142a160, 0x00000211b142a398]
Event: 72.813 Thread 0x00000211c6cdb000 17018       2       com.android.tools.r8.code.v1::f (9 bytes)
Event: 72.813 Thread 0x00000211c6cdb000 nmethod 17018 0x00000211b1428010 code [0x00000211b14281c0, 0x00000211b14282e8]
Event: 72.813 Thread 0x00000211c6cdb000 17019       2       com.android.tools.r8.code.v1::b (25 bytes)
Event: 72.813 Thread 0x00000211c6cdb000 nmethod 17019 0x00000211b142b390 code [0x00000211b142b560, 0x00000211b142b738]
Event: 72.815 Thread 0x00000211c6cdb000 17020       2       com.android.tools.r8.code.o3::<init> (8 bytes)
Event: 72.815 Thread 0x00000211c6cdb000 nmethod 17020 0x00000211b142c410 code [0x00000211b142c5e0, 0x00000211b142c828]
Event: 72.821 Thread 0x00000211c6cdb000 17021       2       com.android.tools.r8.code.X0::hashCode (11 bytes)
Event: 72.821 Thread 0x00000211c6cdb000 nmethod 17021 0x00000211b1429b10 code [0x00000211b1429cc0, 0x00000211b1429de8]
Event: 72.840 Thread 0x00000211c6cdb000 17026       2       com.android.tools.r8.code.A1::<init> (7 bytes)
Event: 72.841 Thread 0x00000211c6cdb000 nmethod 17026 0x00000211b142be90 code [0x00000211b142c040, 0x00000211b142c198]

GC Heap History (20 events):
Event: 64.148 GC heap after
{Heap after GC invocations=58 (full 0):
 garbage-first heap   total 189440K, used 124928K [0x0000000080000000, 0x0000000100000000)
  region size 1024K, 4 young (4096K), 4 survivors (4096K)
 Metaspace       used 103308K, capacity 105831K, committed 106224K, reserved 1140736K
  class space    used 13131K, capacity 14058K, committed 14196K, reserved 1048576K
}
Event: 64.232 GC heap before
{Heap before GC invocations=58 (full 0):
 garbage-first heap   total 189440K, used 130048K [0x0000000080000000, 0x0000000100000000)
  region size 1024K, 9 young (9216K), 4 survivors (4096K)
 Metaspace       used 103320K, capacity 105833K, committed 106224K, reserved 1140736K
  class space    used 13131K, capacity 14058K, committed 14196K, reserved 1048576K
}
Event: 64.246 GC heap after
{Heap after GC invocations=59 (full 0):
 garbage-first heap   total 189440K, used 123015K [0x0000000080000000, 0x0000000100000000)
  region size 1024K, 1 young (1024K), 1 survivors (1024K)
 Metaspace       used 103320K, capacity 105833K, committed 106224K, reserved 1140736K
  class space    used 13131K, capacity 14058K, committed 14196K, reserved 1048576K
}
Event: 65.687 GC heap before
{Heap before GC invocations=59 (full 0):
 garbage-first heap   total 189440K, used 146567K [0x0000000080000000, 0x0000000100000000)
  region size 1024K, 24 young (24576K), 1 survivors (1024K)
 Metaspace       used 105057K, capacity 107733K, committed 107888K, reserved 1142784K
  class space    used 13305K, capacity 14280K, committed 14324K, reserved 1048576K
}
Event: 65.702 GC heap after
{Heap after GC invocations=60 (full 0):
 garbage-first heap   total 189440K, used 125399K [0x0000000080000000, 0x0000000100000000)
  region size 1024K, 3 young (3072K), 3 survivors (3072K)
 Metaspace       used 105057K, capacity 107733K, committed 107888K, reserved 1142784K
  class space    used 13305K, capacity 14280K, committed 14324K, reserved 1048576K
}
Event: 67.126 GC heap before
{Heap before GC invocations=61 (full 0):
 garbage-first heap   total 189440K, used 149975K [0x0000000080000000, 0x0000000100000000)
  region size 1024K, 27 young (27648K), 3 survivors (3072K)
 Metaspace       used 105307K, capacity 107997K, committed 108144K, reserved 1142784K
  class space    used 13305K, capacity 14280K, committed 14324K, reserved 1048576K
}
Event: 67.146 GC heap after
{Heap after GC invocations=62 (full 0):
 garbage-first heap   total 227328K, used 126440K [0x0000000080000000, 0x0000000100000000)
  region size 1024K, 2 young (2048K), 2 survivors (2048K)
 Metaspace       used 105307K, capacity 107997K, committed 108144K, reserved 1142784K
  class space    used 13305K, capacity 14280K, committed 14324K, reserved 1048576K
}
Event: 67.609 GC heap before
{Heap before GC invocations=62 (full 0):
 garbage-first heap   total 227328K, used 135656K [0x0000000080000000, 0x0000000100000000)
  region size 1024K, 11 young (11264K), 2 survivors (2048K)
 Metaspace       used 105404K, capacity 108126K, committed 108400K, reserved 1142784K
  class space    used 13305K, capacity 14280K, committed 14324K, reserved 1048576K
}
Event: 67.617 GC heap after
{Heap after GC invocations=63 (full 0):
 garbage-first heap   total 227328K, used 125041K [0x0000000080000000, 0x0000000100000000)
  region size 1024K, 2 young (2048K), 2 survivors (2048K)
 Metaspace       used 105404K, capacity 108126K, committed 108400K, reserved 1142784K
  class space    used 13305K, capacity 14280K, committed 14324K, reserved 1048576K
}
Event: 68.527 GC heap before
{Heap before GC invocations=63 (full 0):
 garbage-first heap   total 227328K, used 143473K [0x0000000080000000, 0x0000000100000000)
  region size 1024K, 22 young (22528K), 2 survivors (2048K)
 Metaspace       used 105885K, capacity 108641K, committed 108784K, reserved 1144832K
  class space    used 13343K, capacity 14319K, committed 14452K, reserved 1048576K
}
Event: 68.540 GC heap after
{Heap after GC invocations=64 (full 0):
 garbage-first heap   total 227328K, used 125938K [0x0000000080000000, 0x0000000100000000)
  region size 1024K, 3 young (3072K), 3 survivors (3072K)
 Metaspace       used 105885K, capacity 108641K, committed 108784K, reserved 1144832K
  class space    used 13343K, capacity 14319K, committed 14452K, reserved 1048576K
}
Event: 69.960 GC heap before
{Heap before GC invocations=65 (full 0):
 garbage-first heap   total 227328K, used 166898K [0x0000000080000000, 0x0000000100000000)
  region size 1024K, 42 young (43008K), 3 survivors (3072K)
 Metaspace       used 110194K, capacity 113027K, committed 113264K, reserved 1146880K
  class space    used 13948K, capacity 14966K, committed 15092K, reserved 1048576K
}
Event: 69.980 GC heap after
{Heap after GC invocations=66 (full 0):
 garbage-first heap   total 227328K, used 133733K [0x0000000080000000, 0x0000000100000000)
  region size 1024K, 6 young (6144K), 6 survivors (6144K)
 Metaspace       used 110194K, capacity 113027K, committed 113264K, reserved 1146880K
  class space    used 13948K, capacity 14966K, committed 15092K, reserved 1048576K
}
Event: 70.114 GC heap before
{Heap before GC invocations=66 (full 0):
 garbage-first heap   total 227328K, used 137829K [0x0000000080000000, 0x0000000100000000)
  region size 1024K, 11 young (11264K), 6 survivors (6144K)
 Metaspace       used 111661K, capacity 114561K, committed 114800K, reserved 1148928K
  class space    used 14161K, capacity 15228K, committed 15348K, reserved 1048576K
}
Event: 70.130 GC heap after
{Heap after GC invocations=67 (full 0):
 garbage-first heap   total 227328K, used 129453K [0x0000000080000000, 0x0000000100000000)
  region size 1024K, 1 young (1024K), 1 survivors (1024K)
 Metaspace       used 111661K, capacity 114561K, committed 114800K, reserved 1148928K
  class space    used 14161K, capacity 15228K, committed 15348K, reserved 1048576K
}
Event: 71.487 GC heap before
{Heap before GC invocations=67 (full 0):
 garbage-first heap   total 227328K, used 206253K [0x0000000080000000, 0x0000000100000000)
  region size 1024K, 40 young (40960K), 1 survivors (1024K)
 Metaspace       used 115565K, capacity 118754K, committed 119024K, reserved 1153024K
  class space    used 14772K, capacity 15921K, committed 15988K, reserved 1048576K
}
Event: 71.504 GC heap after
{Heap after GC invocations=68 (full 0):
 garbage-first heap   total 227328K, used 155624K [0x0000000080000000, 0x0000000100000000)
  region size 1024K, 5 young (5120K), 5 survivors (5120K)
 Metaspace       used 115565K, capacity 118754K, committed 119024K, reserved 1153024K
  class space    used 14772K, capacity 15921K, committed 15988K, reserved 1048576K
}
Event: 71.957 GC heap before
{Heap before GC invocations=68 (full 0):
 garbage-first heap   total 227328K, used 185320K [0x0000000080000000, 0x0000000100000000)
  region size 1024K, 34 young (34816K), 5 survivors (5120K)
 Metaspace       used 115565K, capacity 118754K, committed 119024K, reserved 1153024K
  class space    used 14772K, capacity 15921K, committed 15988K, reserved 1048576K
}
Event: 72.012 GC heap after
{Heap after GC invocations=69 (full 0):
 garbage-first heap   total 273408K, used 170214K [0x0000000080000000, 0x0000000100000000)
  region size 1024K, 5 young (5120K), 5 survivors (5120K)
 Metaspace       used 115565K, capacity 118754K, committed 119024K, reserved 1153024K
  class space    used 14772K, capacity 15921K, committed 15988K, reserved 1048576K
}
Event: 72.870 GC heap before
{Heap before GC invocations=70 (full 0):
 garbage-first heap   total 273408K, used 211174K [0x0000000080000000, 0x0000000100000000)
  region size 1024K, 44 young (45056K), 5 survivors (5120K)
 Metaspace       used 116564K, capacity 119647K, committed 119792K, reserved 1153024K
  class space    used 15055K, capacity 16190K, committed 16244K, reserved 1048576K
}

Deoptimization events (20 events):
Event: 72.224 Thread 0x00000211d09db800 Uncommon trap: trap_request=0xffffff4d fr.pc=0x00000211b8032c54 relative=0x0000000000000bd4
Event: 72.224 Thread 0x00000211d09d4000 Uncommon trap: trap_request=0xffffff4d fr.pc=0x00000211b8032c54 relative=0x0000000000000bd4
Event: 72.224 Thread 0x00000211d09db800 Uncommon trap: reason=unstable_if action=reinterpret pc=0x00000211b8032c54 method=com.android.tools.r8.dex.j.a(ILjava/util/function/Supplier;)Ljava/lang/Object; @ 1 c2
Event: 72.224 Thread 0x00000211d09d4000 Uncommon trap: reason=unstable_if action=reinterpret pc=0x00000211b8032c54 method=com.android.tools.r8.dex.j.a(ILjava/util/function/Supplier;)Ljava/lang/Object; @ 1 c2
Event: 72.224 Thread 0x00000211d09db800 DEOPT PACKING pc=0x00000211b8032c54 sp=0x00000011e2dfec80
Event: 72.224 Thread 0x00000211d09d4000 DEOPT PACKING pc=0x00000211b8032c54 sp=0x00000011e1bff0a0
Event: 72.224 Thread 0x00000211d09db800 DEOPT UNPACKING pc=0x00000211b045782f sp=0x00000011e2dfec88 mode 2
Event: 72.224 Thread 0x00000211d09d4000 DEOPT UNPACKING pc=0x00000211b045782f sp=0x00000011e1bff0a8 mode 2
Event: 72.428 Thread 0x00000211c9ec2000 Uncommon trap: trap_request=0xffffff4d fr.pc=0x00000211b8034784 relative=0x0000000000000144
Event: 72.428 Thread 0x00000211c9ec2000 Uncommon trap: reason=unstable_if action=reinterpret pc=0x00000211b8034784 method=com.android.tools.r8.internal.Ah.get(I)Ljava/lang/Object; @ 1 c2
Event: 72.428 Thread 0x00000211c9ec2000 DEOPT PACKING pc=0x00000211b8034784 sp=0x00000011e47fecb0
Event: 72.428 Thread 0x00000211c9ec2000 DEOPT UNPACKING pc=0x00000211b045782f sp=0x00000011e47fec48 mode 2
Event: 72.524 Thread 0x00000211d09db800 Uncommon trap: trap_request=0xffffff4d fr.pc=0x00000211b806430c relative=0x00000000000002cc
Event: 72.524 Thread 0x00000211d09db800 Uncommon trap: reason=unstable_if action=reinterpret pc=0x00000211b806430c method=com.android.tools.r8.graph.c0.a(Lcom/android/tools/r8/graph/c0;)I @ 49 c2
Event: 72.524 Thread 0x00000211d09db800 DEOPT PACKING pc=0x00000211b806430c sp=0x00000011e2dfe5e0
Event: 72.524 Thread 0x00000211d09db800 DEOPT UNPACKING pc=0x00000211b045782f sp=0x00000011e2dfe560 mode 2
Event: 72.568 Thread 0x00000211c9ec2000 Uncommon trap: trap_request=0xffffff4d fr.pc=0x00000211b809e840 relative=0x0000000000000ca0
Event: 72.568 Thread 0x00000211c9ec2000 Uncommon trap: reason=unstable_if action=reinterpret pc=0x00000211b809e840 method=com.android.tools.r8.dex.j.i()Lcom/android/tools/r8/graph/f0; @ 54 c2
Event: 72.568 Thread 0x00000211c9ec2000 DEOPT PACKING pc=0x00000211b809e840 sp=0x00000011e47feb90
Event: 72.568 Thread 0x00000211c9ec2000 DEOPT UNPACKING pc=0x00000211b045782f sp=0x00000011e47feb60 mode 2

Classes redefined (0 events):
No events

Internal exceptions (20 events):
Event: 69.898 Thread 0x00000211d09d3000 Exception <a 'java/lang/NoSuchMethodError'{0x000000008b6be5d8}: 'java.lang.Object java.lang.invoke.DirectMethodHandle$Holder.newInvokeSpecial(java.lang.Object, int)'> (0x000000008b6be5d8) thrown at [./src/hotspot/share/interpreter/linkResolver.cpp, line 773]
Event: 69.901 Thread 0x00000211d09d3000 Exception <a 'java/lang/IncompatibleClassChangeError'{0x000000008b6cacd0}: Found class java.lang.Object, but interface was expected> (0x000000008b6cacd0) thrown at [./src/hotspot/share/interpreter/linkResolver.cpp, line 839]
Event: 69.902 Thread 0x00000211d09d3000 Exception <a 'java/lang/IncompatibleClassChangeError'{0x000000008b6d3570}: Found class java.lang.Object, but interface was expected> (0x000000008b6d3570) thrown at [./src/hotspot/share/interpreter/linkResolver.cpp, line 839]
Event: 69.950 Thread 0x00000211d09d3000 Exception <a 'java/lang/NoSuchMethodError'{0x000000008b48fe20}: 'void java.lang.invoke.DirectMethodHandle$Holder.invokeStatic(java.lang.Object, java.lang.Object, java.lang.Object, int)'> (0x000000008b48fe20) thrown at [./src/hotspot/share/interpreter/linkResolver.cpp, line 773]
Event: 69.951 Thread 0x00000211d09d3000 Exception <a 'java/lang/IncompatibleClassChangeError'{0x000000008b4980e0}: Found class java.lang.Object, but interface was expected> (0x000000008b4980e0) thrown at [./src/hotspot/share/interpreter/linkResolver.cpp, line 839]
Event: 70.085 Thread 0x00000211d09d3000 Exception <a 'java/lang/NoSuchMethodError'{0x000000008dacc8b0}: 'java.lang.Object java.lang.invoke.DirectMethodHandle$Holder.invokeStatic(java.lang.Object, int, java.lang.Object, java.lang.Object)'> (0x000000008dacc8b0) thrown at [./src/hotspot/share/interpreter/linkResolver.cpp, line 773]
Event: 70.100 Thread 0x00000211d09d3000 Exception <a 'java/lang/NoSuchMethodError'{0x000000008d970740}: 'java.lang.Object java.lang.invoke.Invokers$Holder.linkToTargetMethod(java.lang.Object, java.lang.Object, java.lang.Object, java.lang.Object, java.lang.Object, java.lang.Object, java.lang.Object, java.lang.Object)'> (0x000000008d970740) thrown at [./src/hotspot/share/interpreter/linkResolver.cpp, line 773]
Event: 70.160 Thread 0x00000211d09d3000 Exception <a 'java/lang/NoSuchMethodError'{0x000000008ddc2030}: 'java.lang.Object java.lang.invoke.Invokers$Holder.linkToTargetMethod(java.lang.Object, java.lang.Object, java.lang.Object, java.lang.Object, java.lang.Object, java.lang.Object, java.lang.Object)'> (0x000000008ddc2030) thrown at [./src/hotspot/share/interpreter/linkResolver.cpp, line 773]
Event: 70.250 Thread 0x00000211d09d3000 Exception <a 'java/lang/NoSuchMethodError'{0x000000008da4e880}: 'java.lang.Object java.lang.invoke.DirectMethodHandle$Holder.invokeVirtual(java.lang.Object, java.lang.Object, int, java.lang.Object)'> (0x000000008da4e880) thrown at [./src/hotspot/share/interpreter/linkResolver.cpp, line 773]
Event: 70.287 Thread 0x00000211d09d3000 Exception <a 'java/lang/NoSuchMethodError'{0x000000008dafe820}: 'void java.lang.invoke.DirectMethodHandle$Holder.invokeVirtual(java.lang.Object, java.lang.Object, int, java.lang.Object)'> (0x000000008dafe820) thrown at [./src/hotspot/share/interpreter/linkResolver.cpp, line 773]
Event: 70.398 Thread 0x00000211d09d3000 Exception <a 'java/lang/IncompatibleClassChangeError'{0x000000008d5a38a0}: Found class java.lang.Object, but interface was expected> (0x000000008d5a38a0) thrown at [./src/hotspot/share/interpreter/linkResolver.cpp, line 839]
Event: 70.421 Thread 0x00000211d09d3000 Exception <a 'java/lang/NoSuchMethodError'{0x000000008d456100}: 'void java.lang.invoke.DirectMethodHandle$Holder.invokeSpecial(java.lang.Object, java.lang.Object, int, java.lang.Object, java.lang.Object, java.lang.Object, java.lang.Object)'> (0x000000008d456100) thrown at [./src/hotspot/share/interpreter/linkResolver.cpp, line 773]
Event: 70.423 Thread 0x00000211d09d3000 Exception <a 'java/lang/NoSuchMethodError'{0x000000008d461800}: 'java.lang.Object java.lang.invoke.Invokers$Holder.linkToTargetMethod(java.lang.Object, int, java.lang.Object, java.lang.Object, java.lang.Object, java.lang.Object)'> (0x000000008d461800) thrown at [./src/hotspot/share/interpreter/linkResolver.cpp, line 773]
Event: 70.423 Thread 0x00000211d09d3000 Exception <a 'java/lang/NoSuchMethodError'{0x000000008d4652b8}: 'void java.lang.invoke.DirectMethodHandle$Holder.invokeSpecial(java.lang.Object, java.lang.Object, java.lang.Object, java.lang.Object, java.lang.Object, java.lang.Object, java.lang.Object, java.lang.Object, java.lang.Object)'> (0x000000008d4652b8) thrown at [./src/hotspot/share/interpreter/linkResolver.cpp, line 773]
Event: 70.428 Thread 0x00000211d09d3000 Exception <a 'java/lang/NoSuchMethodError'{0x000000008d47c988}: 'void java.lang.invoke.DirectMethodHandle$Holder.invokeStatic(java.lang.Object, java.lang.Object, java.lang.Object, java.lang.Object, java.lang.Object, java.lang.Object, java.lang.Object, java.lang.Object)'> (0x000000008d47c988) thrown at [./src/hotspot/share/interpreter/linkResolver.cpp, line 773]
Event: 70.488 Thread 0x00000211d09d3000 Exception <a 'java/lang/IncompatibleClassChangeError'{0x000000008d286310}: Found class java.lang.Object, but interface was expected> (0x000000008d286310) thrown at [./src/hotspot/share/interpreter/linkResolver.cpp, line 839]
Event: 70.498 Thread 0x00000211d09d3000 Exception <a 'java/lang/NoSuchMethodError'{0x000000008d2c9d00}: 'void java.lang.invoke.DirectMethodHandle$Holder.invokeVirtual(java.lang.Object, java.lang.Object, int)'> (0x000000008d2c9d00) thrown at [./src/hotspot/share/interpreter/linkResolver.cpp, line 773]
Event: 70.516 Thread 0x00000211d09d3000 Exception <a 'sun/nio/fs/WindowsException'{0x000000008d140358}> (0x000000008d140358) thrown at [./src/hotspot/share/prims/jni.cpp, line 615]
Event: 70.598 Thread 0x00000211ccbf2000 Exception <a 'java/lang/NoSuchMethodError'{0x000000008cf870a8}: <clinit>> (0x000000008cf870a8) thrown at [./src/hotspot/share/prims/jni.cpp, line 1362]
Event: 71.340 Thread 0x00000211d09ce800 Exception <a 'sun/nio/fs/WindowsException'{0x000000008bc37a80}> (0x000000008bc37a80) thrown at [./src/hotspot/share/prims/jni.cpp, line 615]

Events (20 events):
Event: 72.394 loading class com/android/tools/r8/dex/j done
Event: 72.395 loading class com/android/tools/r8/internal/ue
Event: 72.395 loading class com/android/tools/r8/internal/ue done
Event: 72.395 loading class com/android/tools/r8/internal/GE
Event: 72.395 loading class com/android/tools/r8/internal/GE done
Event: 72.396 loading class com/android/tools/r8/internal/GE
Event: 72.396 loading class com/android/tools/r8/internal/GE done
Event: 72.396 loading class com/android/tools/r8/internal/FE
Event: 72.396 loading class com/android/tools/r8/internal/FE done
Event: 72.396 loading class com/android/tools/r8/graph/E$b
Event: 72.396 loading class com/android/tools/r8/graph/E$b done
Event: 72.396 loading class com/android/tools/r8/graph/E$b
Event: 72.396 loading class com/android/tools/r8/graph/E$b done
Event: 72.396 loading class com/android/tools/r8/graph/E$b
Event: 72.396 loading class com/android/tools/r8/graph/E$b done
Event: 72.396 loading class com/android/tools/r8/graph/E$b
Event: 72.396 loading class com/android/tools/r8/graph/E$b done
Event: 72.575 loading class com/android/tools/r8/graph/f0$a
Event: 72.575 loading class com/android/tools/r8/graph/f0$a done
Event: 72.870 Executing VM operation: G1CollectForAllocation


Dynamic libraries:
0x00007ff7e1280000 - 0x00007ff7e128a000 	C:\Program Files\Android\Android Studio\jre\bin\java.exe
0x00007fff92260000 - 0x00007fff9244d000 	C:\Windows\SYSTEM32\ntdll.dll
0x00007fff90260000 - 0x00007fff90313000 	C:\Windows\System32\KERNEL32.DLL
0x00007fff8f150000 - 0x00007fff8f3e3000 	C:\Windows\System32\KERNELBASE.dll
0x00007fff8eeb0000 - 0x00007fff8efac000 	C:\Windows\System32\ucrtbase.dll
0x00007fff702f0000 - 0x00007fff70309000 	C:\Program Files\Android\Android Studio\jre\bin\jli.dll
0x00007fff6d590000 - 0x00007fff6d5a7000 	C:\Program Files\Android\Android Studio\jre\bin\VCRUNTIME140.dll
0x00007fff8ff70000 - 0x00007fff90107000 	C:\Windows\System32\USER32.dll
0x00007fff8f0b0000 - 0x00007fff8f0d0000 	C:\Windows\System32\win32u.dll
0x00007fff74d30000 - 0x00007fff74fa9000 	C:\Windows\WinSxS\amd64_microsoft.windows.common-controls_6595b64144ccf1df_6.0.17763.107_none_05b63884071e656e\COMCTL32.dll
0x00007fff90110000 - 0x00007fff901ae000 	C:\Windows\System32\msvcrt.dll
0x00007fff8f910000 - 0x00007fff8f939000 	C:\Windows\System32\GDI32.dll
0x00007fff8e330000 - 0x00007fff8e4ca000 	C:\Windows\System32\gdi32full.dll
0x00007fff8f3f0000 - 0x00007fff8f490000 	C:\Windows\System32\msvcp_win.dll
0x00007fff91cd0000 - 0x00007fff91ffe000 	C:\Windows\System32\combase.dll
0x00007fff8f7e0000 - 0x00007fff8f903000 	C:\Windows\System32\RPCRT4.dll
0x00007fff8efb0000 - 0x00007fff8f02e000 	C:\Windows\System32\bcryptPrimitives.dll
0x00007fff8f4f0000 - 0x00007fff8f51e000 	C:\Windows\System32\IMM32.DLL
0x00007fff4d950000 - 0x00007fff4d9ed000 	C:\Program Files\Android\Android Studio\jre\bin\msvcp140.dll
0x00007fff2f1a0000 - 0x00007fff2fc6f000 	C:\Program Files\Android\Android Studio\jre\bin\server\jvm.dll
0x00007fff8f6b0000 - 0x00007fff8f753000 	C:\Windows\System32\ADVAPI32.dll
0x00007fff901c0000 - 0x00007fff9025e000 	C:\Windows\System32\sechost.dll
0x00007fff901b0000 - 0x00007fff901b8000 	C:\Windows\System32\PSAPI.DLL
0x00007fff884d0000 - 0x00007fff884d9000 	C:\Windows\SYSTEM32\WSOCK32.dll
0x00007fff8bec0000 - 0x00007fff8bee4000 	C:\Windows\SYSTEM32\WINMM.dll
0x00007fff8f9a0000 - 0x00007fff8fa0d000 	C:\Windows\System32\WS2_32.dll
0x00007fff84f80000 - 0x00007fff84f8a000 	C:\Windows\SYSTEM32\VERSION.dll
0x00007fff8be60000 - 0x00007fff8be8d000 	C:\Windows\SYSTEM32\WINMMBASE.dll
0x00007fff8f0d0000 - 0x00007fff8f11a000 	C:\Windows\System32\cfgmgr32.dll
0x00007fff8e2b0000 - 0x00007fff8e2c1000 	C:\Windows\System32\kernel.appcore.dll
0x00007fff807d0000 - 0x00007fff807e1000 	C:\Program Files\Android\Android Studio\jre\bin\verify.dll
0x00007fff7bc80000 - 0x00007fff7be6d000 	C:\Windows\SYSTEM32\DBGHELP.DLL
0x00007fff7b3e0000 - 0x00007fff7b40a000 	C:\Windows\SYSTEM32\dbgcore.DLL
0x00007fff802c0000 - 0x00007fff802e9000 	C:\Program Files\Android\Android Studio\jre\bin\java.dll
0x00007fff84510000 - 0x00007fff8451b000 	C:\Program Files\Android\Android Studio\jre\bin\jimage.dll
0x00007fff802a0000 - 0x00007fff802b8000 	C:\Program Files\Android\Android Studio\jre\bin\zip.dll
0x00007fff907e0000 - 0x00007fff91ccf000 	C:\Windows\System32\SHELL32.dll
0x00007fff92180000 - 0x00007fff92228000 	C:\Windows\System32\shcore.dll
0x00007fff8e4d0000 - 0x00007fff8ec18000 	C:\Windows\System32\windows.storage.dll
0x00007fff8e260000 - 0x00007fff8e284000 	C:\Windows\System32\profapi.dll
0x00007fff8e2d0000 - 0x00007fff8e32d000 	C:\Windows\System32\powrprof.dll
0x00007fff8f940000 - 0x00007fff8f992000 	C:\Windows\System32\shlwapi.dll
0x00007fff8f030000 - 0x00007fff8f047000 	C:\Windows\System32\cryptsp.dll
0x00007fff7d3c0000 - 0x00007fff7d3da000 	C:\Program Files\Android\Android Studio\jre\bin\net.dll
0x00007fff891f0000 - 0x00007fff892e1000 	C:\Windows\SYSTEM32\WINHTTP.dll
0x00007fff8daf0000 - 0x00007fff8db57000 	C:\Windows\system32\mswsock.dll
0x00007fff70500000 - 0x00007fff70514000 	C:\Program Files\Android\Android Studio\jre\bin\nio.dll
0x00007fff6cbf0000 - 0x00007fff6cc17000 	C:\Users\Admin\.gradle\native\8bec1ad78214c89d9ad589b4d07fe93259594b29d510b10fafb7a158f7737e5d\windows-amd64\native-platform.dll
0x00007fff2f060000 - 0x00007fff2f19d000 	C:\Users\Admin\.gradle\native\53dbd7edfb1c66fb8903c78663c9afc45aea4f116125fa6feffd364cf09443e8\windows-amd64\native-platform-file-events.dll
0x00007fff82a10000 - 0x00007fff82a1a000 	C:\Program Files\Android\Android Studio\jre\bin\management.dll
0x00007fff7cdf0000 - 0x00007fff7cdfc000 	C:\Program Files\Android\Android Studio\jre\bin\management_ext.dll
0x00007fff8d6b0000 - 0x00007fff8d6e3000 	C:\Windows\system32\rsaenh.dll
0x00007fff8f120000 - 0x00007fff8f146000 	C:\Windows\System32\bcrypt.dll
0x00007fff8e160000 - 0x00007fff8e188000 	C:\Windows\SYSTEM32\USERENV.dll
0x00007fff8dcc0000 - 0x00007fff8dccc000 	C:\Windows\SYSTEM32\CRYPTBASE.dll
0x00007fff8d850000 - 0x00007fff8d88d000 	C:\Windows\SYSTEM32\IPHLPAPI.DLL
0x00007fff8fae0000 - 0x00007fff8fae8000 	C:\Windows\System32\NSI.dll
0x00007fff84b10000 - 0x00007fff84b26000 	C:\Windows\SYSTEM32\dhcpcsvc6.DLL
0x00007fff84ec0000 - 0x00007fff84edc000 	C:\Windows\SYSTEM32\dhcpcsvc.DLL
0x00007fff8d890000 - 0x00007fff8d956000 	C:\Windows\SYSTEM32\DNSAPI.dll

dbghelp: loaded successfully - version: 4.0.5 - missing functions: none
symbol engine: initialized successfully - sym options: 0x614 - pdb path: .;C:\Program Files\Android\Android Studio\jre\bin;C:\Windows\SYSTEM32;C:\Windows\WinSxS\amd64_microsoft.windows.common-controls_6595b64144ccf1df_6.0.17763.107_none_05b63884071e656e;C:\Program Files\Android\Android Studio\jre\bin\server;C:\Users\Admin\.gradle\native\8bec1ad78214c89d9ad589b4d07fe93259594b29d510b10fafb7a158f7737e5d\windows-amd64;C:\Users\Admin\.gradle\native\53dbd7edfb1c66fb8903c78663c9afc45aea4f116125fa6feffd364cf09443e8\windows-amd64

VM Arguments:
jvm_args: --add-opens=java.base/java.util=ALL-UNNAMED --add-opens=java.base/java.lang=ALL-UNNAMED --add-opens=java.base/java.lang.invoke=ALL-UNNAMED --add-opens=java.base/java.util=ALL-UNNAMED --add-opens=java.prefs/java.util.prefs=ALL-UNNAMED --add-opens=java.prefs/java.util.prefs=ALL-UNNAMED --add-opens=java.base/java.nio.charset=ALL-UNNAMED --add-opens=java.base/java.net=ALL-UNNAMED --add-opens=java.base/java.util.concurrent.atomic=ALL-UNNAMED -Xmx2048m -Dfile.encoding=UTF-8 -Duser.country=US -Duser.language=en -Duser.variant 
java_command: org.gradle.launcher.daemon.bootstrap.GradleDaemon 7.0.2
java_class_path (initial): C:\Users\Admin\.gradle\wrapper\dists\gradle-7.0.2-all\7era6s5ay7zsbhuvl0oc9g94s\gradle-7.0.2\lib\gradle-launcher-7.0.2.jar
Launcher Type: SUN_STANDARD

[Global flags]
     intx CICompilerCount                          = 3                                         {product} {ergonomic}
     uint ConcGCThreads                            = 1                                         {product} {ergonomic}
     uint G1ConcRefinementThreads                  = 4                                         {product} {ergonomic}
   size_t G1HeapRegionSize                         = 1048576                                   {product} {ergonomic}
    uintx GCDrainStackTargetSize                   = 64                                        {product} {ergonomic}
   size_t InitialHeapSize                          = 134217728                                 {product} {ergonomic}
   size_t MarkStackSize                            = 4194304                                   {product} {ergonomic}
   size_t MaxHeapSize                              = 2147483648                                {product} {command line}
   size_t MaxNewSize                               = 1287651328                                {product} {ergonomic}
   size_t MinHeapDeltaBytes                        = 1048576                                   {product} {ergonomic}
    uintx NonNMethodCodeHeapSize                   = 5830732                                {pd product} {ergonomic}
    uintx NonProfiledCodeHeapSize                  = 122913754                              {pd product} {ergonomic}
    uintx ProfiledCodeHeapSize                     = 122913754                              {pd product} {ergonomic}
    uintx ReservedCodeCacheSize                    = 251658240                              {pd product} {ergonomic}
     bool SegmentedCodeCache                       = true                                      {product} {ergonomic}
     bool UseCompressedClassPointers               = true                                 {lp64_product} {ergonomic}
     bool UseCompressedOops                        = true                                 {lp64_product} {ergonomic}
     bool UseG1GC                                  = true                                      {product} {ergonomic}
     bool UseLargePagesIndividualAllocation        = false                                  {pd product} {ergonomic}

Logging:
Log output configuration:
 #0: stdout all=warning uptime,level,tags
 #1: stderr all=off uptime,level,tags

Environment Variables:
JAVA_HOME=C:\Program Files\OpenJDK\openjdk-8u302-b08
PATH=C:\Program Files (x86)\Common Files\Oracle\Java\javapath;C:\Windows\system32;C:\Windows;C:\Windows\System32\Wbem;C:\Windows\System32\WindowsPowerShell\v1.0\;C:\Windows\System32\OpenSSH\;C:\Program Files\Microsoft SQL Server\110\Tools\Binn\;C:\Program Files\Microsoft\Web Platform Installer\;C:\Program Files (x86)\Microsoft ASP.NET\ASP.NET Web Pages\v1.0\;C:\Program Files (x86)\Microsoft SQL Server\110\Tools\Binn\;C:\Program Files\Microsoft SQL Server\110\DTS\Binn\;C:\Program Files (x86)\Microsoft SQL Server\110\Tools\Binn\ManagementStudio\;C:\Program Files (x86)\Microsoft Visual Studio 10.0\Common7\IDE\PrivateAssemblies\;C:\Program Files (x86)\Microsoft SQL Server\110\DTS\Binn\;C:\Program Files\Git\cmd;C:\Program Files\dotnet\;C:\Program Files\Microsoft SQL Server\130\Tools\Binn\;C:\Program Files\Microsoft SQL Server\Client SDK\ODBC\170\Tools\Binn\;C:\Program Files (x86)\Rational\common;C:\Program Files (x86)\dotnet\;C:\ProgramData\chocolatey\bin;C:\Program Files\nodejs\;C:\Program Files\OpenJDK\openjdk-8u302-b08\bin;C:\Users\Admin\AppData\Local\Programs\Python\Python38-32\Scripts\;C:\Users\Admin\AppData\Local\Programs\Python\Python38-32\;C:\Users\Admin\AppData\Local\Microsoft\WindowsApps;C:\Program Files\JetBrains\PyCharm Community Edition 2020.2.2\bin;;C:\Users\Admin\.dotnet\tools;C:\Users\Admin\AppData\Local\Programs\Microsoft VS Code\bin;C:\Users\Admin\AppData\Roaming\npm;C:\Users\Admin\AppData\Local\Android\Sdk\platform-tools;
USERNAME=Admin
OS=Windows_NT
PROCESSOR_IDENTIFIER=Intel64 Family 6 Model 42 Stepping 7, GenuineIntel



---------------  S Y S T E M  ---------------

OS: Windows 10 , 64 bit Build 17763 (10.0.17763.1)
OS uptime: 1 days 0:53 hours

CPU:total 4 (initial active 4) (2 cores per cpu, 2 threads per core) family 6 model 42 stepping 7 microcode 0x2d, cmov, cx8, fxsr, mmx, sse, sse2, sse3, ssse3, sse4.1, sse4.2, popcnt, avx, aes, clmul, ht, tsc, tscinvbit

Memory: 4k page, system-wide physical 8139M (3400M free)
TotalPageFile size 9419M (AvailPageFile size 4076M)
current process WorkingSet (physical memory assigned to process): 600M, peak: 600M
current process commit charge ("private bytes"): 626M, peak: 626M

vm_info: OpenJDK 64-Bit Server VM (11.0.10+0-b96-7249189) for windows-amd64 JRE (11.0.10+0-b96-7249189), built on Mar 31 2021 21:44:00 by "builder" with MS VC++ 14.0 (VS2015)

END.
